[0.229s] Invoking command in '/home/neerav/helmholtz_minimal_ws/build/helmholtz_interfaces': CMAKE_PREFIX_PATH=${CMAKE_PREFIX_PATH}:/home/neerav/helmholtz_minimal_ws/install/hel_cage:/opt/ros/humble /usr/bin/cmake --build /home/neerav/helmholtz_minimal_ws/build/helmholtz_interfaces -- -j12 -l12
[0.284s] [  5%] Built target helmholtz_interfaces__cpp
[0.284s] [ 12%] Built target helmholtz_interfaces__rosidl_generator_c
[0.296s] [ 12%] Built target ament_cmake_python_copy_helmholtz_interfaces
[0.309s] [ 33%] Built target helmholtz_interfaces__rosidl_typesupport_cpp
[0.309s] [ 33%] Built target helmholtz_interfaces__rosidl_typesupport_fastrtps_cpp
[0.309s] [ 43%] Built target helmholtz_interfaces__rosidl_typesupport_introspection_cpp
[0.322s] [ 74%] Built target helmholtz_interfaces__rosidl_typesupport_c
[0.322s] [ 74%] Built target helmholtz_interfaces__rosidl_typesupport_introspection_c
[0.322s] [ 74%] Built target helmholtz_interfaces__rosidl_typesupport_fastrtps_c
[0.347s] [ 74%] Built target helmholtz_interfaces
[0.372s] [ 76%] Built target helmholtz_interfaces__py
[0.401s] [ 84%] Built target helmholtz_interfaces__rosidl_generator_py
[0.426s] [100%] Built target helmholtz_interfaces__rosidl_typesupport_introspection_c__pyext
[0.426s] [100%] Built target helmholtz_interfaces__rosidl_typesupport_c__pyext
[0.426s] [100%] Built target helmholtz_interfaces__rosidl_typesupport_fastrtps_c__pyext
[0.526s] running egg_info
[0.527s] writing helmholtz_interfaces.egg-info/PKG-INFO
[0.527s] writing dependency_links to helmholtz_interfaces.egg-info/dependency_links.txt
[0.528s] writing top-level names to helmholtz_interfaces.egg-info/top_level.txt
[0.530s] reading manifest file 'helmholtz_interfaces.egg-info/SOURCES.txt'
[0.531s] writing manifest file 'helmholtz_interfaces.egg-info/SOURCES.txt'
[0.578s] [100%] Built target ament_cmake_python_build_helmholtz_interfaces_egg
[0.594s] Invoked command in '/home/neerav/helmholtz_minimal_ws/build/helmholtz_interfaces' returned '0': CMAKE_PREFIX_PATH=${CMAKE_PREFIX_PATH}:/home/neerav/helmholtz_minimal_ws/install/hel_cage:/opt/ros/humble /usr/bin/cmake --build /home/neerav/helmholtz_minimal_ws/build/helmholtz_interfaces -- -j12 -l12
[0.606s] Invoking command in '/home/neerav/helmholtz_minimal_ws/build/helmholtz_interfaces': CMAKE_PREFIX_PATH=${CMAKE_PREFIX_PATH}:/home/neerav/helmholtz_minimal_ws/install/hel_cage:/opt/ros/humble /usr/bin/cmake --install /home/neerav/helmholtz_minimal_ws/build/helmholtz_interfaces
[0.615s] -- Install configuration: ""
[0.615s] -- Up-to-date: /home/neerav/helmholtz_minimal_ws/install/helmholtz_interfaces/share/ament_index/resource_index/rosidl_interfaces/helmholtz_interfaces
[0.615s] -- Up-to-date: /home/neerav/helmholtz_minimal_ws/install/helmholtz_interfaces/include/helmholtz_interfaces/helmholtz_interfaces
[0.616s] -- Up-to-date: /home/neerav/helmholtz_minimal_ws/install/helmholtz_interfaces/include/helmholtz_interfaces/helmholtz_interfaces/msg
[0.616s] -- Up-to-date: /home/neerav/helmholtz_minimal_ws/install/helmholtz_interfaces/include/helmholtz_interfaces/helmholtz_interfaces/msg/rosidl_generator_c__visibility_control.h
[0.616s] -- Up-to-date: /home/neerav/helmholtz_minimal_ws/install/helmholtz_interfaces/include/helmholtz_interfaces/helmholtz_interfaces/msg/command.h
[0.616s] -- Up-to-date: /home/neerav/helmholtz_minimal_ws/install/helmholtz_interfaces/include/helmholtz_interfaces/helmholtz_interfaces/msg/detail
[0.616s] -- Up-to-date: /home/neerav/helmholtz_minimal_ws/install/helmholtz_interfaces/include/helmholtz_interfaces/helmholtz_interfaces/msg/detail/command__type_support.h
[0.616s] -- Up-to-date: /home/neerav/helmholtz_minimal_ws/install/helmholtz_interfaces/include/helmholtz_interfaces/helmholtz_interfaces/msg/detail/command__functions.c
[0.616s] -- Up-to-date: /home/neerav/helmholtz_minimal_ws/install/helmholtz_interfaces/include/helmholtz_interfaces/helmholtz_interfaces/msg/detail/command__struct.h
[0.616s] -- Up-to-date: /home/neerav/helmholtz_minimal_ws/install/helmholtz_interfaces/include/helmholtz_interfaces/helmholtz_interfaces/msg/detail/command__functions.h
[0.616s] -- Up-to-date: /home/neerav/helmholtz_minimal_ws/install/helmholtz_interfaces/include/helmholtz_interfaces/helmholtz_interfaces/srv
[0.616s] -- Up-to-date: /home/neerav/helmholtz_minimal_ws/install/helmholtz_interfaces/include/helmholtz_interfaces/helmholtz_interfaces/srv/set_pid.h
[0.617s] -- Up-to-date: /home/neerav/helmholtz_minimal_ws/install/helmholtz_interfaces/include/helmholtz_interfaces/helmholtz_interfaces/srv/detail
[0.617s] -- Up-to-date: /home/neerav/helmholtz_minimal_ws/install/helmholtz_interfaces/include/helmholtz_interfaces/helmholtz_interfaces/srv/detail/set_pid__struct.h
[0.617s] -- Up-to-date: /home/neerav/helmholtz_minimal_ws/install/helmholtz_interfaces/include/helmholtz_interfaces/helmholtz_interfaces/srv/detail/set_pid__functions.c
[0.617s] -- Up-to-date: /home/neerav/helmholtz_minimal_ws/install/helmholtz_interfaces/include/helmholtz_interfaces/helmholtz_interfaces/srv/detail/set_pid__functions.h
[0.617s] -- Up-to-date: /home/neerav/helmholtz_minimal_ws/install/helmholtz_interfaces/include/helmholtz_interfaces/helmholtz_interfaces/srv/detail/set_pid__type_support.h
[0.617s] -- Up-to-date: /home/neerav/helmholtz_minimal_ws/install/helmholtz_interfaces/share/helmholtz_interfaces/environment/library_path.sh
[0.617s] -- Up-to-date: /home/neerav/helmholtz_minimal_ws/install/helmholtz_interfaces/share/helmholtz_interfaces/environment/library_path.dsv
[0.617s] -- Up-to-date: /home/neerav/helmholtz_minimal_ws/install/helmholtz_interfaces/lib/libhelmholtz_interfaces__rosidl_generator_c.so
[0.617s] -- Up-to-date: /home/neerav/helmholtz_minimal_ws/install/helmholtz_interfaces/include/helmholtz_interfaces/helmholtz_interfaces
[0.617s] -- Up-to-date: /home/neerav/helmholtz_minimal_ws/install/helmholtz_interfaces/include/helmholtz_interfaces/helmholtz_interfaces/msg
[0.618s] -- Up-to-date: /home/neerav/helmholtz_minimal_ws/install/helmholtz_interfaces/include/helmholtz_interfaces/helmholtz_interfaces/msg/rosidl_typesupport_fastrtps_c__visibility_control.h
[0.618s] -- Up-to-date: /home/neerav/helmholtz_minimal_ws/install/helmholtz_interfaces/include/helmholtz_interfaces/helmholtz_interfaces/msg/detail
[0.618s] -- Up-to-date: /home/neerav/helmholtz_minimal_ws/install/helmholtz_interfaces/include/helmholtz_interfaces/helmholtz_interfaces/msg/detail/command__rosidl_typesupport_fastrtps_c.h
[0.618s] -- Up-to-date: /home/neerav/helmholtz_minimal_ws/install/helmholtz_interfaces/include/helmholtz_interfaces/helmholtz_interfaces/srv
[0.618s] -- Up-to-date: /home/neerav/helmholtz_minimal_ws/install/helmholtz_interfaces/include/helmholtz_interfaces/helmholtz_interfaces/srv/detail
[0.618s] -- Up-to-date: /home/neerav/helmholtz_minimal_ws/install/helmholtz_interfaces/include/helmholtz_interfaces/helmholtz_interfaces/srv/detail/set_pid__rosidl_typesupport_fastrtps_c.h
[0.618s] -- Up-to-date: /home/neerav/helmholtz_minimal_ws/install/helmholtz_interfaces/lib/libhelmholtz_interfaces__rosidl_typesupport_fastrtps_c.so
[0.618s] -- Up-to-date: /home/neerav/helmholtz_minimal_ws/install/helmholtz_interfaces/include/helmholtz_interfaces/helmholtz_interfaces
[0.618s] -- Up-to-date: /home/neerav/helmholtz_minimal_ws/install/helmholtz_interfaces/include/helmholtz_interfaces/helmholtz_interfaces/msg
[0.618s] -- Up-to-date: /home/neerav/helmholtz_minimal_ws/install/helmholtz_interfaces/include/helmholtz_interfaces/helmholtz_interfaces/msg/rosidl_typesupport_introspection_c__visibility_control.h
[0.618s] -- Up-to-date: /home/neerav/helmholtz_minimal_ws/install/helmholtz_interfaces/include/helmholtz_interfaces/helmholtz_interfaces/msg/detail
[0.618s] -- Up-to-date: /home/neerav/helmholtz_minimal_ws/install/helmholtz_interfaces/include/helmholtz_interfaces/helmholtz_interfaces/msg/detail/command__type_support.c
[0.619s] -- Up-to-date: /home/neerav/helmholtz_minimal_ws/install/helmholtz_interfaces/include/helmholtz_interfaces/helmholtz_interfaces/msg/detail/command__rosidl_typesupport_introspection_c.h
[0.619s] -- Up-to-date: /home/neerav/helmholtz_minimal_ws/install/helmholtz_interfaces/include/helmholtz_interfaces/helmholtz_interfaces/srv
[0.619s] -- Up-to-date: /home/neerav/helmholtz_minimal_ws/install/helmholtz_interfaces/include/helmholtz_interfaces/helmholtz_interfaces/srv/detail
[0.619s] -- Up-to-date: /home/neerav/helmholtz_minimal_ws/install/helmholtz_interfaces/include/helmholtz_interfaces/helmholtz_interfaces/srv/detail/set_pid__type_support.c
[0.619s] -- Up-to-date: /home/neerav/helmholtz_minimal_ws/install/helmholtz_interfaces/include/helmholtz_interfaces/helmholtz_interfaces/srv/detail/set_pid__rosidl_typesupport_introspection_c.h
[0.619s] -- Up-to-date: /home/neerav/helmholtz_minimal_ws/install/helmholtz_interfaces/lib/libhelmholtz_interfaces__rosidl_typesupport_introspection_c.so
[0.619s] -- Up-to-date: /home/neerav/helmholtz_minimal_ws/install/helmholtz_interfaces/lib/libhelmholtz_interfaces__rosidl_typesupport_c.so
[0.619s] -- Up-to-date: /home/neerav/helmholtz_minimal_ws/install/helmholtz_interfaces/include/helmholtz_interfaces/helmholtz_interfaces
[0.619s] -- Up-to-date: /home/neerav/helmholtz_minimal_ws/install/helmholtz_interfaces/include/helmholtz_interfaces/helmholtz_interfaces/msg
[0.619s] -- Up-to-date: /home/neerav/helmholtz_minimal_ws/install/helmholtz_interfaces/include/helmholtz_interfaces/helmholtz_interfaces/msg/detail
[0.620s] -- Up-to-date: /home/neerav/helmholtz_minimal_ws/install/helmholtz_interfaces/include/helmholtz_interfaces/helmholtz_interfaces/msg/detail/command__traits.hpp
[0.620s] -- Up-to-date: /home/neerav/helmholtz_minimal_ws/install/helmholtz_interfaces/include/helmholtz_interfaces/helmholtz_interfaces/msg/detail/command__builder.hpp
[0.620s] -- Up-to-date: /home/neerav/helmholtz_minimal_ws/install/helmholtz_interfaces/include/helmholtz_interfaces/helmholtz_interfaces/msg/detail/command__struct.hpp
[0.620s] -- Up-to-date: /home/neerav/helmholtz_minimal_ws/install/helmholtz_interfaces/include/helmholtz_interfaces/helmholtz_interfaces/msg/detail/command__type_support.hpp
[0.620s] -- Up-to-date: /home/neerav/helmholtz_minimal_ws/install/helmholtz_interfaces/include/helmholtz_interfaces/helmholtz_interfaces/msg/rosidl_generator_cpp__visibility_control.hpp
[0.620s] -- Up-to-date: /home/neerav/helmholtz_minimal_ws/install/helmholtz_interfaces/include/helmholtz_interfaces/helmholtz_interfaces/msg/command.hpp
[0.620s] -- Up-to-date: /home/neerav/helmholtz_minimal_ws/install/helmholtz_interfaces/include/helmholtz_interfaces/helmholtz_interfaces/srv
[0.620s] -- Up-to-date: /home/neerav/helmholtz_minimal_ws/install/helmholtz_interfaces/include/helmholtz_interfaces/helmholtz_interfaces/srv/set_pid.hpp
[0.620s] -- Up-to-date: /home/neerav/helmholtz_minimal_ws/install/helmholtz_interfaces/include/helmholtz_interfaces/helmholtz_interfaces/srv/detail
[0.620s] -- Up-to-date: /home/neerav/helmholtz_minimal_ws/install/helmholtz_interfaces/include/helmholtz_interfaces/helmholtz_interfaces/srv/detail/set_pid__builder.hpp
[0.620s] -- Up-to-date: /home/neerav/helmholtz_minimal_ws/install/helmholtz_interfaces/include/helmholtz_interfaces/helmholtz_interfaces/srv/detail/set_pid__type_support.hpp
[0.621s] -- Up-to-date: /home/neerav/helmholtz_minimal_ws/install/helmholtz_interfaces/include/helmholtz_interfaces/helmholtz_interfaces/srv/detail/set_pid__struct.hpp
[0.621s] -- Up-to-date: /home/neerav/helmholtz_minimal_ws/install/helmholtz_interfaces/include/helmholtz_interfaces/helmholtz_interfaces/srv/detail/set_pid__traits.hpp
[0.621s] -- Up-to-date: /home/neerav/helmholtz_minimal_ws/install/helmholtz_interfaces/include/helmholtz_interfaces/helmholtz_interfaces
[0.621s] -- Up-to-date: /home/neerav/helmholtz_minimal_ws/install/helmholtz_interfaces/include/helmholtz_interfaces/helmholtz_interfaces/msg
[0.621s] -- Up-to-date: /home/neerav/helmholtz_minimal_ws/install/helmholtz_interfaces/include/helmholtz_interfaces/helmholtz_interfaces/msg/detail
[0.621s] -- Up-to-date: /home/neerav/helmholtz_minimal_ws/install/helmholtz_interfaces/include/helmholtz_interfaces/helmholtz_interfaces/msg/detail/dds_fastrtps
[0.621s] -- Up-to-date: /home/neerav/helmholtz_minimal_ws/install/helmholtz_interfaces/include/helmholtz_interfaces/helmholtz_interfaces/msg/detail/command__rosidl_typesupport_fastrtps_cpp.hpp
[0.621s] -- Up-to-date: /home/neerav/helmholtz_minimal_ws/install/helmholtz_interfaces/include/helmholtz_interfaces/helmholtz_interfaces/msg/rosidl_typesupport_fastrtps_cpp__visibility_control.h
[0.621s] -- Up-to-date: /home/neerav/helmholtz_minimal_ws/install/helmholtz_interfaces/include/helmholtz_interfaces/helmholtz_interfaces/srv
[0.621s] -- Up-to-date: /home/neerav/helmholtz_minimal_ws/install/helmholtz_interfaces/include/helmholtz_interfaces/helmholtz_interfaces/srv/detail
[0.621s] -- Up-to-date: /home/neerav/helmholtz_minimal_ws/install/helmholtz_interfaces/include/helmholtz_interfaces/helmholtz_interfaces/srv/detail/dds_fastrtps
[0.622s] -- Up-to-date: /home/neerav/helmholtz_minimal_ws/install/helmholtz_interfaces/include/helmholtz_interfaces/helmholtz_interfaces/srv/detail/set_pid__rosidl_typesupport_fastrtps_cpp.hpp
[0.622s] -- Up-to-date: /home/neerav/helmholtz_minimal_ws/install/helmholtz_interfaces/lib/libhelmholtz_interfaces__rosidl_typesupport_fastrtps_cpp.so
[0.622s] -- Up-to-date: /home/neerav/helmholtz_minimal_ws/install/helmholtz_interfaces/include/helmholtz_interfaces/helmholtz_interfaces
[0.622s] -- Up-to-date: /home/neerav/helmholtz_minimal_ws/install/helmholtz_interfaces/include/helmholtz_interfaces/helmholtz_interfaces/msg
[0.622s] -- Up-to-date: /home/neerav/helmholtz_minimal_ws/install/helmholtz_interfaces/include/helmholtz_interfaces/helmholtz_interfaces/msg/detail
[0.622s] -- Up-to-date: /home/neerav/helmholtz_minimal_ws/install/helmholtz_interfaces/include/helmholtz_interfaces/helmholtz_interfaces/msg/detail/command__rosidl_typesupport_introspection_cpp.hpp
[0.622s] -- Up-to-date: /home/neerav/helmholtz_minimal_ws/install/helmholtz_interfaces/include/helmholtz_interfaces/helmholtz_interfaces/msg/detail/command__type_support.cpp
[0.622s] -- Up-to-date: /home/neerav/helmholtz_minimal_ws/install/helmholtz_interfaces/include/helmholtz_interfaces/helmholtz_interfaces/srv
[0.622s] -- Up-to-date: /home/neerav/helmholtz_minimal_ws/install/helmholtz_interfaces/include/helmholtz_interfaces/helmholtz_interfaces/srv/detail
[0.622s] -- Up-to-date: /home/neerav/helmholtz_minimal_ws/install/helmholtz_interfaces/include/helmholtz_interfaces/helmholtz_interfaces/srv/detail/set_pid__type_support.cpp
[0.622s] -- Up-to-date: /home/neerav/helmholtz_minimal_ws/install/helmholtz_interfaces/include/helmholtz_interfaces/helmholtz_interfaces/srv/detail/set_pid__rosidl_typesupport_introspection_cpp.hpp
[0.623s] -- Up-to-date: /home/neerav/helmholtz_minimal_ws/install/helmholtz_interfaces/lib/libhelmholtz_interfaces__rosidl_typesupport_introspection_cpp.so
[0.623s] -- Up-to-date: /home/neerav/helmholtz_minimal_ws/install/helmholtz_interfaces/lib/libhelmholtz_interfaces__rosidl_typesupport_cpp.so
[0.623s] -- Up-to-date: /home/neerav/helmholtz_minimal_ws/install/helmholtz_interfaces/share/helmholtz_interfaces/environment/pythonpath.sh
[0.623s] -- Up-to-date: /home/neerav/helmholtz_minimal_ws/install/helmholtz_interfaces/share/helmholtz_interfaces/environment/pythonpath.dsv
[0.623s] -- Up-to-date: /home/neerav/helmholtz_minimal_ws/install/helmholtz_interfaces/local/lib/python3.10/dist-packages/helmholtz_interfaces-0.0.0-py3.10.egg-info
[0.623s] -- Installing: /home/neerav/helmholtz_minimal_ws/install/helmholtz_interfaces/local/lib/python3.10/dist-packages/helmholtz_interfaces-0.0.0-py3.10.egg-info/top_level.txt
[0.623s] -- Installing: /home/neerav/helmholtz_minimal_ws/install/helmholtz_interfaces/local/lib/python3.10/dist-packages/helmholtz_interfaces-0.0.0-py3.10.egg-info/SOURCES.txt
[0.623s] -- Installing: /home/neerav/helmholtz_minimal_ws/install/helmholtz_interfaces/local/lib/python3.10/dist-packages/helmholtz_interfaces-0.0.0-py3.10.egg-info/PKG-INFO
[0.623s] -- Installing: /home/neerav/helmholtz_minimal_ws/install/helmholtz_interfaces/local/lib/python3.10/dist-packages/helmholtz_interfaces-0.0.0-py3.10.egg-info/dependency_links.txt
[0.623s] -- Up-to-date: /home/neerav/helmholtz_minimal_ws/install/helmholtz_interfaces/local/lib/python3.10/dist-packages/helmholtz_interfaces
[0.623s] -- Up-to-date: /home/neerav/helmholtz_minimal_ws/install/helmholtz_interfaces/local/lib/python3.10/dist-packages/helmholtz_interfaces/_helmholtz_interfaces_s.ep.rosidl_typesupport_introspection_c.c
[0.624s] -- Up-to-date: /home/neerav/helmholtz_minimal_ws/install/helmholtz_interfaces/local/lib/python3.10/dist-packages/helmholtz_interfaces/libhelmholtz_interfaces__rosidl_generator_py.so
[0.624s] -- Up-to-date: /home/neerav/helmholtz_minimal_ws/install/helmholtz_interfaces/local/lib/python3.10/dist-packages/helmholtz_interfaces/helmholtz_interfaces_s__rosidl_typesupport_fastrtps_c.cpython-310-x86_64-linux-gnu.so
[0.624s] -- Up-to-date: /home/neerav/helmholtz_minimal_ws/install/helmholtz_interfaces/local/lib/python3.10/dist-packages/helmholtz_interfaces/_helmholtz_interfaces_s.ep.rosidl_typesupport_c.c
[0.624s] -- Up-to-date: /home/neerav/helmholtz_minimal_ws/install/helmholtz_interfaces/local/lib/python3.10/dist-packages/helmholtz_interfaces/helmholtz_interfaces_s__rosidl_typesupport_introspection_c.cpython-310-x86_64-linux-gnu.so
[0.624s] -- Up-to-date: /home/neerav/helmholtz_minimal_ws/install/helmholtz_interfaces/local/lib/python3.10/dist-packages/helmholtz_interfaces/_helmholtz_interfaces_s.ep.rosidl_typesupport_fastrtps_c.c
[0.624s] -- Up-to-date: /home/neerav/helmholtz_minimal_ws/install/helmholtz_interfaces/local/lib/python3.10/dist-packages/helmholtz_interfaces/helmholtz_interfaces_s__rosidl_typesupport_c.cpython-310-x86_64-linux-gnu.so
[0.624s] -- Up-to-date: /home/neerav/helmholtz_minimal_ws/install/helmholtz_interfaces/local/lib/python3.10/dist-packages/helmholtz_interfaces/msg
[0.624s] -- Up-to-date: /home/neerav/helmholtz_minimal_ws/install/helmholtz_interfaces/local/lib/python3.10/dist-packages/helmholtz_interfaces/msg/_command.py
[0.624s] -- Up-to-date: /home/neerav/helmholtz_minimal_ws/install/helmholtz_interfaces/local/lib/python3.10/dist-packages/helmholtz_interfaces/msg/_command_s.c
[0.624s] -- Up-to-date: /home/neerav/helmholtz_minimal_ws/install/helmholtz_interfaces/local/lib/python3.10/dist-packages/helmholtz_interfaces/msg/__init__.py
[0.624s] -- Up-to-date: /home/neerav/helmholtz_minimal_ws/install/helmholtz_interfaces/local/lib/python3.10/dist-packages/helmholtz_interfaces/srv
[0.624s] -- Up-to-date: /home/neerav/helmholtz_minimal_ws/install/helmholtz_interfaces/local/lib/python3.10/dist-packages/helmholtz_interfaces/srv/_set_pid_s.c
[0.624s] -- Up-to-date: /home/neerav/helmholtz_minimal_ws/install/helmholtz_interfaces/local/lib/python3.10/dist-packages/helmholtz_interfaces/srv/_set_pid.py
[0.624s] -- Up-to-date: /home/neerav/helmholtz_minimal_ws/install/helmholtz_interfaces/local/lib/python3.10/dist-packages/helmholtz_interfaces/srv/__init__.py
[0.624s] -- Up-to-date: /home/neerav/helmholtz_minimal_ws/install/helmholtz_interfaces/local/lib/python3.10/dist-packages/helmholtz_interfaces/__init__.py
[0.652s] Listing '/home/neerav/helmholtz_minimal_ws/install/helmholtz_interfaces/local/lib/python3.10/dist-packages/helmholtz_interfaces'...
[0.652s] Listing '/home/neerav/helmholtz_minimal_ws/install/helmholtz_interfaces/local/lib/python3.10/dist-packages/helmholtz_interfaces/msg'...
[0.652s] Listing '/home/neerav/helmholtz_minimal_ws/install/helmholtz_interfaces/local/lib/python3.10/dist-packages/helmholtz_interfaces/srv'...
[0.656s] -- Up-to-date: /home/neerav/helmholtz_minimal_ws/install/helmholtz_interfaces/local/lib/python3.10/dist-packages/helmholtz_interfaces/helmholtz_interfaces_s__rosidl_typesupport_fastrtps_c.cpython-310-x86_64-linux-gnu.so
[0.656s] -- Up-to-date: /home/neerav/helmholtz_minimal_ws/install/helmholtz_interfaces/local/lib/python3.10/dist-packages/helmholtz_interfaces/helmholtz_interfaces_s__rosidl_typesupport_introspection_c.cpython-310-x86_64-linux-gnu.so
[0.656s] -- Up-to-date: /home/neerav/helmholtz_minimal_ws/install/helmholtz_interfaces/local/lib/python3.10/dist-packages/helmholtz_interfaces/helmholtz_interfaces_s__rosidl_typesupport_c.cpython-310-x86_64-linux-gnu.so
[0.657s] -- Up-to-date: /home/neerav/helmholtz_minimal_ws/install/helmholtz_interfaces/lib/libhelmholtz_interfaces__rosidl_generator_py.so
[0.657s] -- Up-to-date: /home/neerav/helmholtz_minimal_ws/install/helmholtz_interfaces/share/helmholtz_interfaces/msg/Command.idl
[0.657s] -- Up-to-date: /home/neerav/helmholtz_minimal_ws/install/helmholtz_interfaces/share/helmholtz_interfaces/srv/SetPID.idl
[0.657s] -- Up-to-date: /home/neerav/helmholtz_minimal_ws/install/helmholtz_interfaces/share/helmholtz_interfaces/msg/Command.msg
[0.657s] -- Up-to-date: /home/neerav/helmholtz_minimal_ws/install/helmholtz_interfaces/share/helmholtz_interfaces/srv/SetPID.srv
[0.657s] -- Up-to-date: /home/neerav/helmholtz_minimal_ws/install/helmholtz_interfaces/share/helmholtz_interfaces/srv/SetPID_Request.msg
[0.657s] -- Up-to-date: /home/neerav/helmholtz_minimal_ws/install/helmholtz_interfaces/share/helmholtz_interfaces/srv/SetPID_Response.msg
[0.657s] -- Up-to-date: /home/neerav/helmholtz_minimal_ws/install/helmholtz_interfaces/share/ament_index/resource_index/package_run_dependencies/helmholtz_interfaces
[0.657s] -- Up-to-date: /home/neerav/helmholtz_minimal_ws/install/helmholtz_interfaces/share/ament_index/resource_index/parent_prefix_path/helmholtz_interfaces
[0.657s] -- Up-to-date: /home/neerav/helmholtz_minimal_ws/install/helmholtz_interfaces/share/helmholtz_interfaces/environment/ament_prefix_path.sh
[0.657s] -- Up-to-date: /home/neerav/helmholtz_minimal_ws/install/helmholtz_interfaces/share/helmholtz_interfaces/environment/ament_prefix_path.dsv
[0.658s] -- Up-to-date: /home/neerav/helmholtz_minimal_ws/install/helmholtz_interfaces/share/helmholtz_interfaces/environment/path.sh
[0.658s] -- Up-to-date: /home/neerav/helmholtz_minimal_ws/install/helmholtz_interfaces/share/helmholtz_interfaces/environment/path.dsv
[0.658s] -- Up-to-date: /home/neerav/helmholtz_minimal_ws/install/helmholtz_interfaces/share/helmholtz_interfaces/local_setup.bash
[0.658s] -- Up-to-date: /home/neerav/helmholtz_minimal_ws/install/helmholtz_interfaces/share/helmholtz_interfaces/local_setup.sh
[0.658s] -- Up-to-date: /home/neerav/helmholtz_minimal_ws/install/helmholtz_interfaces/share/helmholtz_interfaces/local_setup.zsh
[0.658s] -- Up-to-date: /home/neerav/helmholtz_minimal_ws/install/helmholtz_interfaces/share/helmholtz_interfaces/local_setup.dsv
[0.658s] -- Installing: /home/neerav/helmholtz_minimal_ws/install/helmholtz_interfaces/share/helmholtz_interfaces/package.dsv
[0.658s] -- Up-to-date: /home/neerav/helmholtz_minimal_ws/install/helmholtz_interfaces/share/ament_index/resource_index/packages/helmholtz_interfaces
[0.658s] -- Up-to-date: /home/neerav/helmholtz_minimal_ws/install/helmholtz_interfaces/share/helmholtz_interfaces/cmake/export_helmholtz_interfaces__rosidl_generator_cExport.cmake
[0.658s] -- Up-to-date: /home/neerav/helmholtz_minimal_ws/install/helmholtz_interfaces/share/helmholtz_interfaces/cmake/export_helmholtz_interfaces__rosidl_generator_cExport-noconfig.cmake
[0.658s] -- Up-to-date: /home/neerav/helmholtz_minimal_ws/install/helmholtz_interfaces/share/helmholtz_interfaces/cmake/export_helmholtz_interfaces__rosidl_typesupport_fastrtps_cExport.cmake
[0.658s] -- Up-to-date: /home/neerav/helmholtz_minimal_ws/install/helmholtz_interfaces/share/helmholtz_interfaces/cmake/export_helmholtz_interfaces__rosidl_typesupport_fastrtps_cExport-noconfig.cmake
[0.658s] -- Up-to-date: /home/neerav/helmholtz_minimal_ws/install/helmholtz_interfaces/share/helmholtz_interfaces/cmake/helmholtz_interfaces__rosidl_typesupport_introspection_cExport.cmake
[0.658s] -- Up-to-date: /home/neerav/helmholtz_minimal_ws/install/helmholtz_interfaces/share/helmholtz_interfaces/cmake/helmholtz_interfaces__rosidl_typesupport_introspection_cExport-noconfig.cmake
[0.658s] -- Up-to-date: /home/neerav/helmholtz_minimal_ws/install/helmholtz_interfaces/share/helmholtz_interfaces/cmake/helmholtz_interfaces__rosidl_typesupport_cExport.cmake
[0.658s] -- Up-to-date: /home/neerav/helmholtz_minimal_ws/install/helmholtz_interfaces/share/helmholtz_interfaces/cmake/helmholtz_interfaces__rosidl_typesupport_cExport-noconfig.cmake
[0.658s] -- Up-to-date: /home/neerav/helmholtz_minimal_ws/install/helmholtz_interfaces/share/helmholtz_interfaces/cmake/export_helmholtz_interfaces__rosidl_generator_cppExport.cmake
[0.659s] -- Up-to-date: /home/neerav/helmholtz_minimal_ws/install/helmholtz_interfaces/share/helmholtz_interfaces/cmake/export_helmholtz_interfaces__rosidl_typesupport_fastrtps_cppExport.cmake
[0.659s] -- Up-to-date: /home/neerav/helmholtz_minimal_ws/install/helmholtz_interfaces/share/helmholtz_interfaces/cmake/export_helmholtz_interfaces__rosidl_typesupport_fastrtps_cppExport-noconfig.cmake
[0.659s] -- Up-to-date: /home/neerav/helmholtz_minimal_ws/install/helmholtz_interfaces/share/helmholtz_interfaces/cmake/helmholtz_interfaces__rosidl_typesupport_introspection_cppExport.cmake
[0.659s] -- Up-to-date: /home/neerav/helmholtz_minimal_ws/install/helmholtz_interfaces/share/helmholtz_interfaces/cmake/helmholtz_interfaces__rosidl_typesupport_introspection_cppExport-noconfig.cmake
[0.659s] -- Up-to-date: /home/neerav/helmholtz_minimal_ws/install/helmholtz_interfaces/share/helmholtz_interfaces/cmake/helmholtz_interfaces__rosidl_typesupport_cppExport.cmake
[0.659s] -- Up-to-date: /home/neerav/helmholtz_minimal_ws/install/helmholtz_interfaces/share/helmholtz_interfaces/cmake/helmholtz_interfaces__rosidl_typesupport_cppExport-noconfig.cmake
[0.659s] -- Up-to-date: /home/neerav/helmholtz_minimal_ws/install/helmholtz_interfaces/share/helmholtz_interfaces/cmake/export_helmholtz_interfaces__rosidl_generator_pyExport.cmake
[0.659s] -- Up-to-date: /home/neerav/helmholtz_minimal_ws/install/helmholtz_interfaces/share/helmholtz_interfaces/cmake/export_helmholtz_interfaces__rosidl_generator_pyExport-noconfig.cmake
[0.659s] -- Up-to-date: /home/neerav/helmholtz_minimal_ws/install/helmholtz_interfaces/share/helmholtz_interfaces/cmake/rosidl_cmake-extras.cmake
[0.659s] -- Up-to-date: /home/neerav/helmholtz_minimal_ws/install/helmholtz_interfaces/share/helmholtz_interfaces/cmake/ament_cmake_export_include_directories-extras.cmake
[0.659s] -- Up-to-date: /home/neerav/helmholtz_minimal_ws/install/helmholtz_interfaces/share/helmholtz_interfaces/cmake/ament_cmake_export_libraries-extras.cmake
[0.659s] -- Up-to-date: /home/neerav/helmholtz_minimal_ws/install/helmholtz_interfaces/share/helmholtz_interfaces/cmake/ament_cmake_export_targets-extras.cmake
[0.659s] -- Up-to-date: /home/neerav/helmholtz_minimal_ws/install/helmholtz_interfaces/share/helmholtz_interfaces/cmake/rosidl_cmake_export_typesupport_targets-extras.cmake
[0.659s] -- Up-to-date: /home/neerav/helmholtz_minimal_ws/install/helmholtz_interfaces/share/helmholtz_interfaces/cmake/ament_cmake_export_dependencies-extras.cmake
[0.659s] -- Up-to-date: /home/neerav/helmholtz_minimal_ws/install/helmholtz_interfaces/share/helmholtz_interfaces/cmake/rosidl_cmake_export_typesupport_libraries-extras.cmake
[0.660s] -- Up-to-date: /home/neerav/helmholtz_minimal_ws/install/helmholtz_interfaces/share/helmholtz_interfaces/cmake/helmholtz_interfacesConfig.cmake
[0.660s] -- Up-to-date: /home/neerav/helmholtz_minimal_ws/install/helmholtz_interfaces/share/helmholtz_interfaces/cmake/helmholtz_interfacesConfig-version.cmake
[0.660s] -- Up-to-date: /home/neerav/helmholtz_minimal_ws/install/helmholtz_interfaces/share/helmholtz_interfaces/package.xml
[0.663s] Invoked command in '/home/neerav/helmholtz_minimal_ws/build/helmholtz_interfaces' returned '0': CMAKE_PREFIX_PATH=${CMAKE_PREFIX_PATH}:/home/neerav/helmholtz_minimal_ws/install/hel_cage:/opt/ros/humble /usr/bin/cmake --install /home/neerav/helmholtz_minimal_ws/build/helmholtz_interfaces
