[0.600s] Invoking command in '/home/neerav/helmholtz_minimal_ws/src/hel_cage': PYTHONPATH=/home/neerav/helmholtz_minimal_ws/build/hel_cage/prefix_override:/usr/lib/python3/dist-packages/colcon_core/task/python/colcon_distutils_commands:/home/neerav/helmholtz_minimal_ws/install/hel_cage/lib/python3.10/site-packages:${PYTHONPATH} /usr/bin/python3 -W ignore:setup.py install is deprecated -W ignore:easy_install command is deprecated setup.py egg_info --egg-base ../../build/hel_cage build --build-base /home/neerav/helmholtz_minimal_ws/build/hel_cage/build install --record /home/neerav/helmholtz_minimal_ws/build/hel_cage/install.log --single-version-externally-managed install_data
[0.820s] running egg_info
[0.820s] writing ../../build/hel_cage/hel_cage.egg-info/PKG-INFO
[0.821s] writing dependency_links to ../../build/hel_cage/hel_cage.egg-info/dependency_links.txt
[0.821s] writing entry points to ../../build/hel_cage/hel_cage.egg-info/entry_points.txt
[0.821s] writing requirements to ../../build/hel_cage/hel_cage.egg-info/requires.txt
[0.821s] writing top-level names to ../../build/hel_cage/hel_cage.egg-info/top_level.txt
[0.823s] reading manifest file '../../build/hel_cage/hel_cage.egg-info/SOURCES.txt'
[0.824s] writing manifest file '../../build/hel_cage/hel_cage.egg-info/SOURCES.txt'
[0.824s] running build
[0.824s] running build_py
[0.824s] copying hel_cage/control_node.py -> /home/neerav/helmholtz_minimal_ws/build/hel_cage/build/lib/hel_cage
[0.825s] running install
[0.825s] running install_lib
[0.826s] copying /home/neerav/helmholtz_minimal_ws/build/hel_cage/build/lib/hel_cage/control_node.py -> /home/neerav/helmholtz_minimal_ws/install/hel_cage/lib/python3.10/site-packages/hel_cage
[0.826s] byte-compiling /home/neerav/helmholtz_minimal_ws/install/hel_cage/lib/python3.10/site-packages/hel_cage/control_node.py to control_node.cpython-310.pyc
[0.828s] running install_data
[0.828s] running install_egg_info
[0.829s] removing '/home/neerav/helmholtz_minimal_ws/install/hel_cage/lib/python3.10/site-packages/hel_cage-0.0.0-py3.10.egg-info' (and everything under it)
[0.830s] Copying ../../build/hel_cage/hel_cage.egg-info to /home/neerav/helmholtz_minimal_ws/install/hel_cage/lib/python3.10/site-packages/hel_cage-0.0.0-py3.10.egg-info
[0.831s] running install_scripts
[0.853s] Installing bridge_node script to /home/neerav/helmholtz_minimal_ws/install/hel_cage/lib/hel_cage
[0.853s] Installing cmd_publisher script to /home/neerav/helmholtz_minimal_ws/install/hel_cage/lib/hel_cage
[0.853s] Installing control_node script to /home/neerav/helmholtz_minimal_ws/install/hel_cage/lib/hel_cage
[0.853s] Installing fft_node script to /home/neerav/helmholtz_minimal_ws/install/hel_cage/lib/hel_cage
[0.853s] Installing gui_node script to /home/neerav/helmholtz_minimal_ws/install/hel_cage/lib/hel_cage
[0.854s] writing list of installed files to '/home/neerav/helmholtz_minimal_ws/build/hel_cage/install.log'
[0.882s] Invoked command in '/home/neerav/helmholtz_minimal_ws/src/hel_cage' returned '0': PYTHONPATH=/home/neerav/helmholtz_minimal_ws/build/hel_cage/prefix_override:/usr/lib/python3/dist-packages/colcon_core/task/python/colcon_distutils_commands:/home/neerav/helmholtz_minimal_ws/install/hel_cage/lib/python3.10/site-packages:${PYTHONPATH} /usr/bin/python3 -W ignore:setup.py install is deprecated -W ignore:easy_install command is deprecated setup.py egg_info --egg-base ../../build/hel_cage build --build-base /home/neerav/helmholtz_minimal_ws/build/hel_cage/build install --record /home/neerav/helmholtz_minimal_ws/build/hel_cage/install.log --single-version-externally-managed install_data
