/home/neerav/helmholtz_minimal_ws/install/hel_cage/lib/python3.10/site-packages/hel_cage/control_node.py
/home/neerav/helmholtz_minimal_ws/install/hel_cage/lib/python3.10/site-packages/hel_cage/fft_node.py
/home/neerav/helmholtz_minimal_ws/install/hel_cage/lib/python3.10/site-packages/hel_cage/bridge_node.py
/home/neerav/helmholtz_minimal_ws/install/hel_cage/lib/python3.10/site-packages/hel_cage/cmd_publisher.py
/home/neerav/helmholtz_minimal_ws/install/hel_cage/lib/python3.10/site-packages/hel_cage/gui_node.py
/home/neerav/helmholtz_minimal_ws/install/hel_cage/lib/python3.10/site-packages/hel_cage/__init__.py
/home/neerav/helmholtz_minimal_ws/install/hel_cage/lib/python3.10/site-packages/hel_cage/__pycache__/control_node.cpython-310.pyc
/home/neerav/helmholtz_minimal_ws/install/hel_cage/lib/python3.10/site-packages/hel_cage/__pycache__/fft_node.cpython-310.pyc
/home/neerav/helmholtz_minimal_ws/install/hel_cage/lib/python3.10/site-packages/hel_cage/__pycache__/bridge_node.cpython-310.pyc
/home/neerav/helmholtz_minimal_ws/install/hel_cage/lib/python3.10/site-packages/hel_cage/__pycache__/cmd_publisher.cpython-310.pyc
/home/neerav/helmholtz_minimal_ws/install/hel_cage/lib/python3.10/site-packages/hel_cage/__pycache__/gui_node.cpython-310.pyc
/home/neerav/helmholtz_minimal_ws/install/hel_cage/lib/python3.10/site-packages/hel_cage/__pycache__/__init__.cpython-310.pyc
/home/neerav/helmholtz_minimal_ws/install/hel_cage/share/ament_index/resource_index/packages/hel_cage
/home/neerav/helmholtz_minimal_ws/install/hel_cage/share/hel_cage/package.xml
/home/neerav/helmholtz_minimal_ws/install/hel_cage/share/hel_cage/launch/system.launch.py
/home/neerav/helmholtz_minimal_ws/install/hel_cage/lib/python3.10/site-packages/hel_cage-0.0.0-py3.10.egg-info/requires.txt
/home/neerav/helmholtz_minimal_ws/install/hel_cage/lib/python3.10/site-packages/hel_cage-0.0.0-py3.10.egg-info/top_level.txt
/home/neerav/helmholtz_minimal_ws/install/hel_cage/lib/python3.10/site-packages/hel_cage-0.0.0-py3.10.egg-info/SOURCES.txt
/home/neerav/helmholtz_minimal_ws/install/hel_cage/lib/python3.10/site-packages/hel_cage-0.0.0-py3.10.egg-info/entry_points.txt
/home/neerav/helmholtz_minimal_ws/install/hel_cage/lib/python3.10/site-packages/hel_cage-0.0.0-py3.10.egg-info/PKG-INFO
/home/neerav/helmholtz_minimal_ws/install/hel_cage/lib/python3.10/site-packages/hel_cage-0.0.0-py3.10.egg-info/dependency_links.txt
/home/neerav/helmholtz_minimal_ws/install/hel_cage/lib/python3.10/site-packages/hel_cage-0.0.0-py3.10.egg-info/zip-safe
/home/neerav/helmholtz_minimal_ws/install/hel_cage/lib/hel_cage/bridge_node
/home/neerav/helmholtz_minimal_ws/install/hel_cage/lib/hel_cage/cmd_publisher
/home/neerav/helmholtz_minimal_ws/install/hel_cage/lib/hel_cage/control_node
/home/neerav/helmholtz_minimal_ws/install/hel_cage/lib/hel_cage/fft_node
/home/neerav/helmholtz_minimal_ws/install/hel_cage/lib/hel_cage/gui_node
