[0.546s] Invoking command in '/home/neerav/helmholtz_minimal_ws/src/hel_cage': PYTHONPATH=/home/neerav/helmholtz_minimal_ws/build/hel_cage/prefix_override:/usr/lib/python3/dist-packages/colcon_core/task/python/colcon_distutils_commands:/home/neerav/helmholtz_minimal_ws/install/hel_cage/lib/python3.10/site-packages:${PYTHONPATH} /usr/bin/python3 -W ignore:setup.py install is deprecated -W ignore:easy_install command is deprecated setup.py egg_info --egg-base ../../build/hel_cage build --build-base /home/neerav/helmholtz_minimal_ws/build/hel_cage/build install --record /home/neerav/helmholtz_minimal_ws/build/hel_cage/install.log --single-version-externally-managed install_data
[0.753s] running egg_info
[0.754s] creating ../../build/hel_cage/hel_cage.egg-info
[0.754s] writing ../../build/hel_cage/hel_cage.egg-info/PKG-INFO
[0.754s] writing dependency_links to ../../build/hel_cage/hel_cage.egg-info/dependency_links.txt
[0.754s] writing entry points to ../../build/hel_cage/hel_cage.egg-info/entry_points.txt
[0.754s] writing requirements to ../../build/hel_cage/hel_cage.egg-info/requires.txt
[0.754s] writing top-level names to ../../build/hel_cage/hel_cage.egg-info/top_level.txt
[0.754s] writing manifest file '../../build/hel_cage/hel_cage.egg-info/SOURCES.txt'
[0.756s] reading manifest file '../../build/hel_cage/hel_cage.egg-info/SOURCES.txt'
[0.756s] writing manifest file '../../build/hel_cage/hel_cage.egg-info/SOURCES.txt'
[0.756s] running build
[0.756s] running build_py
[0.756s] creating /home/neerav/helmholtz_minimal_ws/build/hel_cage/build
[0.757s] creating /home/neerav/helmholtz_minimal_ws/build/hel_cage/build/lib
[0.757s] creating /home/neerav/helmholtz_minimal_ws/build/hel_cage/build/lib/hel_cage
[0.757s] copying hel_cage/control_node.py -> /home/neerav/helmholtz_minimal_ws/build/hel_cage/build/lib/hel_cage
[0.757s] copying hel_cage/fft_node.py -> /home/neerav/helmholtz_minimal_ws/build/hel_cage/build/lib/hel_cage
[0.757s] copying hel_cage/bridge_node.py -> /home/neerav/helmholtz_minimal_ws/build/hel_cage/build/lib/hel_cage
[0.757s] copying hel_cage/cmd_publisher.py -> /home/neerav/helmholtz_minimal_ws/build/hel_cage/build/lib/hel_cage
[0.757s] copying hel_cage/gui_node.py -> /home/neerav/helmholtz_minimal_ws/build/hel_cage/build/lib/hel_cage
[0.757s] copying hel_cage/__init__.py -> /home/neerav/helmholtz_minimal_ws/build/hel_cage/build/lib/hel_cage
[0.757s] running install
[0.758s] running install_lib
[0.758s] creating /home/neerav/helmholtz_minimal_ws/install/hel_cage/lib/python3.10/site-packages/hel_cage
[0.758s] copying /home/neerav/helmholtz_minimal_ws/build/hel_cage/build/lib/hel_cage/control_node.py -> /home/neerav/helmholtz_minimal_ws/install/hel_cage/lib/python3.10/site-packages/hel_cage
[0.758s] copying /home/neerav/helmholtz_minimal_ws/build/hel_cage/build/lib/hel_cage/fft_node.py -> /home/neerav/helmholtz_minimal_ws/install/hel_cage/lib/python3.10/site-packages/hel_cage
[0.758s] copying /home/neerav/helmholtz_minimal_ws/build/hel_cage/build/lib/hel_cage/bridge_node.py -> /home/neerav/helmholtz_minimal_ws/install/hel_cage/lib/python3.10/site-packages/hel_cage
[0.759s] copying /home/neerav/helmholtz_minimal_ws/build/hel_cage/build/lib/hel_cage/cmd_publisher.py -> /home/neerav/helmholtz_minimal_ws/install/hel_cage/lib/python3.10/site-packages/hel_cage
[0.759s] copying /home/neerav/helmholtz_minimal_ws/build/hel_cage/build/lib/hel_cage/gui_node.py -> /home/neerav/helmholtz_minimal_ws/install/hel_cage/lib/python3.10/site-packages/hel_cage
[0.759s] copying /home/neerav/helmholtz_minimal_ws/build/hel_cage/build/lib/hel_cage/__init__.py -> /home/neerav/helmholtz_minimal_ws/install/hel_cage/lib/python3.10/site-packages/hel_cage
[0.759s] byte-compiling /home/neerav/helmholtz_minimal_ws/install/hel_cage/lib/python3.10/site-packages/hel_cage/control_node.py to control_node.cpython-310.pyc
[0.760s] byte-compiling /home/neerav/helmholtz_minimal_ws/install/hel_cage/lib/python3.10/site-packages/hel_cage/fft_node.py to fft_node.cpython-310.pyc
[0.760s] byte-compiling /home/neerav/helmholtz_minimal_ws/install/hel_cage/lib/python3.10/site-packages/hel_cage/bridge_node.py to bridge_node.cpython-310.pyc
[0.761s] byte-compiling /home/neerav/helmholtz_minimal_ws/install/hel_cage/lib/python3.10/site-packages/hel_cage/cmd_publisher.py to cmd_publisher.cpython-310.pyc
[0.761s] byte-compiling /home/neerav/helmholtz_minimal_ws/install/hel_cage/lib/python3.10/site-packages/hel_cage/gui_node.py to gui_node.cpython-310.pyc
[0.763s] byte-compiling /home/neerav/helmholtz_minimal_ws/install/hel_cage/lib/python3.10/site-packages/hel_cage/__init__.py to __init__.cpython-310.pyc
[0.763s] running install_data
[0.763s] creating /home/neerav/helmholtz_minimal_ws/install/hel_cage/share/ament_index
[0.763s] creating /home/neerav/helmholtz_minimal_ws/install/hel_cage/share/ament_index/resource_index
[0.763s] creating /home/neerav/helmholtz_minimal_ws/install/hel_cage/share/ament_index/resource_index/packages
[0.763s] copying resource/hel_cage -> /home/neerav/helmholtz_minimal_ws/install/hel_cage/share/ament_index/resource_index/packages
[0.763s] copying package.xml -> /home/neerav/helmholtz_minimal_ws/install/hel_cage/share/hel_cage
[0.764s] creating /home/neerav/helmholtz_minimal_ws/install/hel_cage/share/hel_cage/launch
[0.764s] copying launch/system.launch.py -> /home/neerav/helmholtz_minimal_ws/install/hel_cage/share/hel_cage/launch
[0.764s] running install_egg_info
[0.765s] Copying ../../build/hel_cage/hel_cage.egg-info to /home/neerav/helmholtz_minimal_ws/install/hel_cage/lib/python3.10/site-packages/hel_cage-0.0.0-py3.10.egg-info
[0.766s] running install_scripts
[0.782s] Installing bridge_node script to /home/neerav/helmholtz_minimal_ws/install/hel_cage/lib/hel_cage
[0.782s] Installing cmd_publisher script to /home/neerav/helmholtz_minimal_ws/install/hel_cage/lib/hel_cage
[0.782s] Installing fft_node script to /home/neerav/helmholtz_minimal_ws/install/hel_cage/lib/hel_cage
[0.782s] Installing gui_node script to /home/neerav/helmholtz_minimal_ws/install/hel_cage/lib/hel_cage
[0.782s] writing list of installed files to '/home/neerav/helmholtz_minimal_ws/build/hel_cage/install.log'
[0.801s] Invoked command in '/home/neerav/helmholtz_minimal_ws/src/hel_cage' returned '0': PYTHONPATH=/home/neerav/helmholtz_minimal_ws/build/hel_cage/prefix_override:/usr/lib/python3/dist-packages/colcon_core/task/python/colcon_distutils_commands:/home/neerav/helmholtz_minimal_ws/install/hel_cage/lib/python3.10/site-packages:${PYTHONPATH} /usr/bin/python3 -W ignore:setup.py install is deprecated -W ignore:easy_install command is deprecated setup.py egg_info --egg-base ../../build/hel_cage build --build-base /home/neerav/helmholtz_minimal_ws/build/hel_cage/build install --record /home/neerav/helmholtz_minimal_ws/build/hel_cage/install.log --single-version-externally-managed install_data
