[0.234s] Invoking command in '/home/neerav/helmholtz_minimal_ws/build/helmholtz_interfaces': CMAKE_PREFIX_PATH=${CMAKE_PREFIX_PATH}:/home/neerav/ros2_ws/install/ong:/home/neerav/ros2_ws/install/hel_cage:/home/neerav/ros2_ws/install/cube_rotation:/home/neerav/ros2_ws/install/acds_stuff:/home/neerav/ws_moveit/install/moveit_configs_utils:/home/neerav/ws_moveit/install/launch_param_builder:/opt/ros/humble /usr/bin/cmake /home/neerav/helmholtz_minimal_ws/src/helmholtz_interfaces -DCMAKE_INSTALL_PREFIX=/home/neerav/helmholtz_minimal_ws/install/helmholtz_interfaces
[0.602s] -- The C compiler identification is GNU 11.4.0
[0.903s] -- The CXX compiler identification is GNU 11.4.0
[0.918s] -- Detecting C compiler ABI info
[1.018s] -- Detecting C compiler ABI info - done
[1.024s] -- Check for working C compiler: /usr/bin/cc - skipped
[1.024s] -- Detecting C compile features
[1.025s] -- Detecting C compile features - done
[1.030s] -- Detecting CXX compiler ABI info
[1.149s] -- Detecting CXX compiler ABI info - done
[1.155s] -- Check for working CXX compiler: /usr/bin/c++ - skipped
[1.155s] -- Detecting CXX compile features
[1.155s] -- Detecting CXX compile features - done
[1.166s] -- Found ament_cmake: 1.3.11 (/opt/ros/humble/share/ament_cmake/cmake)
[1.339s] -- Found Python3: /usr/bin/python3 (found version "3.10.12") found components: Interpreter 
[1.521s] -- Found rosidl_default_generators: 1.2.0 (/opt/ros/humble/share/rosidl_default_generators/cmake)
[1.538s] -- Using all available rosidl_typesupport_c: rosidl_typesupport_fastrtps_c;rosidl_typesupport_introspection_c
[1.565s] -- Found rosidl_adapter: 3.1.6 (/opt/ros/humble/share/rosidl_adapter/cmake)
[1.683s] -- Using all available rosidl_typesupport_cpp: rosidl_typesupport_fastrtps_cpp;rosidl_typesupport_introspection_cpp
[2.013s] -- Found ament_cmake_ros: 0.10.0 (/opt/ros/humble/share/ament_cmake_ros/cmake)
[2.207s] -- Using all available rosidl_typesupport_c: rosidl_typesupport_fastrtps_c;rosidl_typesupport_introspection_c
[2.433s] -- Using all available rosidl_typesupport_cpp: rosidl_typesupport_fastrtps_cpp;rosidl_typesupport_introspection_cpp
[2.457s] -- Found PythonInterp: /usr/bin/python3 (found suitable version "3.10.12", minimum required is "3.6") 
[2.465s] -- Found python_cmake_module: 0.10.0 (/opt/ros/humble/share/python_cmake_module/cmake)
[2.504s] -- Found PythonLibs: /usr/lib/x86_64-linux-gnu/libpython3.10.so (found suitable version "3.10.12", minimum required is "3.5") 
[2.505s] -- Using PYTHON_EXECUTABLE: /usr/bin/python3
[2.505s] -- Using PYTHON_INCLUDE_DIRS: /usr/include/python3.10
[2.505s] -- Using PYTHON_LIBRARIES: /usr/lib/x86_64-linux-gnu/libpython3.10.so
[2.525s] -- Found PythonExtra: .so  
[2.590s] -- Found ament_lint_auto: 0.12.12 (/opt/ros/humble/share/ament_lint_auto/cmake)
[2.661s] -- Added test 'lint_cmake' to check CMake code style
[2.664s] -- Added test 'xmllint' to check XML markup files
[2.668s] -- Configuring done
[2.698s] -- Generating done
[2.706s] -- Build files have been written to: /home/neerav/helmholtz_minimal_ws/build/helmholtz_interfaces
[2.712s] Invoked command in '/home/neerav/helmholtz_minimal_ws/build/helmholtz_interfaces' returned '0': CMAKE_PREFIX_PATH=${CMAKE_PREFIX_PATH}:/home/neerav/ros2_ws/install/ong:/home/neerav/ros2_ws/install/hel_cage:/home/neerav/ros2_ws/install/cube_rotation:/home/neerav/ros2_ws/install/acds_stuff:/home/neerav/ws_moveit/install/moveit_configs_utils:/home/neerav/ws_moveit/install/launch_param_builder:/opt/ros/humble /usr/bin/cmake /home/neerav/helmholtz_minimal_ws/src/helmholtz_interfaces -DCMAKE_INSTALL_PREFIX=/home/neerav/helmholtz_minimal_ws/install/helmholtz_interfaces
[2.714s] Invoking command in '/home/neerav/helmholtz_minimal_ws/build/helmholtz_interfaces': CMAKE_PREFIX_PATH=${CMAKE_PREFIX_PATH}:/home/neerav/ros2_ws/install/ong:/home/neerav/ros2_ws/install/hel_cage:/home/neerav/ros2_ws/install/cube_rotation:/home/neerav/ros2_ws/install/acds_stuff:/home/neerav/ws_moveit/install/moveit_configs_utils:/home/neerav/ws_moveit/install/launch_param_builder:/opt/ros/humble /usr/bin/cmake --build /home/neerav/helmholtz_minimal_ws/build/helmholtz_interfaces -- -j12 -l12
[2.771s] [  2%] [34m[1mGenerating C code for ROS interfaces[0m
[2.786s] [  5%] [34m[1mGenerating C++ code for ROS interfaces[0m
[2.801s] [  5%] Built target ament_cmake_python_copy_helmholtz_interfaces
[3.036s] running egg_info
[3.036s] creating helmholtz_interfaces.egg-info
[3.036s] writing helmholtz_interfaces.egg-info/PKG-INFO
[3.037s] writing dependency_links to helmholtz_interfaces.egg-info/dependency_links.txt
[3.037s] writing top-level names to helmholtz_interfaces.egg-info/top_level.txt
[3.037s] writing manifest file 'helmholtz_interfaces.egg-info/SOURCES.txt'
[3.039s] reading manifest file 'helmholtz_interfaces.egg-info/SOURCES.txt'
[3.040s] writing manifest file 'helmholtz_interfaces.egg-info/SOURCES.txt'
[3.062s] [ 10%] [32mBuilding C object CMakeFiles/helmholtz_interfaces__rosidl_generator_c.dir/rosidl_generator_c/helmholtz_interfaces/srv/detail/set_pid__functions.c.o[0m
[3.062s] [ 10%] [32mBuilding C object CMakeFiles/helmholtz_interfaces__rosidl_generator_c.dir/rosidl_generator_c/helmholtz_interfaces/msg/detail/command__functions.c.o[0m
[3.063s] [ 10%] Built target helmholtz_interfaces__cpp
[3.075s] [ 10%] Built target ament_cmake_python_build_helmholtz_interfaces_egg
[3.078s] [ 17%] [34m[1mGenerating C++ introspection for ROS interfaces[0m
[3.078s] [ 17%] [34m[1mGenerating C++ type support for eProsima Fast-RTPS[0m
[3.078s] [ 17%] [34m[1mGenerating C++ type support dispatch for ROS interfaces[0m
[3.169s] [ 20%] [32m[1mLinking C shared library libhelmholtz_interfaces__rosidl_generator_c.so[0m
[3.216s] [ 20%] Built target helmholtz_interfaces__rosidl_generator_c
[3.232s] [ 28%] [34m[1mGenerating C type support dispatch for ROS interfaces[0m
[3.233s] [ 28%] [34m[1mGenerating C introspection for ROS interfaces[0m
[3.233s] [ 28%] [34m[1mGenerating C type support for eProsima Fast-RTPS[0m
[3.315s] [ 33%] [32mBuilding CXX object CMakeFiles/helmholtz_interfaces__rosidl_typesupport_cpp.dir/rosidl_typesupport_cpp/helmholtz_interfaces/msg/command__type_support.cpp.o[0m
[3.315s] [ 33%] [32mBuilding CXX object CMakeFiles/helmholtz_interfaces__rosidl_typesupport_cpp.dir/rosidl_typesupport_cpp/helmholtz_interfaces/srv/set_pid__type_support.cpp.o[0m
[3.337s] [ 38%] [32mBuilding CXX object CMakeFiles/helmholtz_interfaces__rosidl_typesupport_introspection_cpp.dir/rosidl_typesupport_introspection_cpp/helmholtz_interfaces/msg/detail/command__type_support.cpp.o[0m
[3.337s] [ 38%] [32mBuilding CXX object CMakeFiles/helmholtz_interfaces__rosidl_typesupport_introspection_cpp.dir/rosidl_typesupport_introspection_cpp/helmholtz_interfaces/srv/detail/set_pid__type_support.cpp.o[0m
[3.361s] [ 41%] [32mBuilding CXX object CMakeFiles/helmholtz_interfaces__rosidl_typesupport_fastrtps_cpp.dir/rosidl_typesupport_fastrtps_cpp/helmholtz_interfaces/srv/detail/dds_fastrtps/set_pid__type_support.cpp.o[0m
[3.361s] [ 43%] [32mBuilding CXX object CMakeFiles/helmholtz_interfaces__rosidl_typesupport_fastrtps_cpp.dir/rosidl_typesupport_fastrtps_cpp/helmholtz_interfaces/msg/detail/dds_fastrtps/command__type_support.cpp.o[0m
[3.500s] [ 46%] [32mBuilding CXX object CMakeFiles/helmholtz_interfaces__rosidl_typesupport_c.dir/rosidl_typesupport_c/helmholtz_interfaces/msg/command__type_support.cpp.o[0m
[3.501s] [ 48%] [32mBuilding CXX object CMakeFiles/helmholtz_interfaces__rosidl_typesupport_c.dir/rosidl_typesupport_c/helmholtz_interfaces/srv/set_pid__type_support.cpp.o[0m
[3.555s] [ 51%] [32mBuilding C object CMakeFiles/helmholtz_interfaces__rosidl_typesupport_introspection_c.dir/rosidl_typesupport_introspection_c/helmholtz_interfaces/srv/detail/set_pid__type_support.c.o[0m
[3.555s] [ 53%] [32mBuilding C object CMakeFiles/helmholtz_interfaces__rosidl_typesupport_introspection_c.dir/rosidl_typesupport_introspection_c/helmholtz_interfaces/msg/detail/command__type_support.c.o[0m
[3.566s] [ 56%] [32mBuilding CXX object CMakeFiles/helmholtz_interfaces__rosidl_typesupport_fastrtps_c.dir/rosidl_typesupport_fastrtps_c/helmholtz_interfaces/msg/detail/command__type_support_c.cpp.o[0m
[3.569s] [ 58%] [32mBuilding CXX object CMakeFiles/helmholtz_interfaces__rosidl_typesupport_fastrtps_c.dir/rosidl_typesupport_fastrtps_c/helmholtz_interfaces/srv/detail/set_pid__type_support_c.cpp.o[0m
[3.571s] [ 61%] [32m[1mLinking CXX shared library libhelmholtz_interfaces__rosidl_typesupport_c.so[0m
[3.621s] [ 64%] [32m[1mLinking C shared library libhelmholtz_interfaces__rosidl_typesupport_introspection_c.so[0m
[3.646s] [ 64%] Built target helmholtz_interfaces__rosidl_typesupport_c
[3.686s] [ 64%] Built target helmholtz_interfaces__rosidl_typesupport_introspection_c
[3.701s] [ 66%] [32m[1mLinking CXX shared library libhelmholtz_interfaces__rosidl_typesupport_cpp.so[0m
[3.772s] [ 66%] Built target helmholtz_interfaces__rosidl_typesupport_cpp
[3.799s] [ 69%] [32m[1mLinking CXX shared library libhelmholtz_interfaces__rosidl_typesupport_introspection_cpp.so[0m
[3.800s] [ 71%] [32m[1mLinking CXX shared library libhelmholtz_interfaces__rosidl_typesupport_fastrtps_cpp.so[0m
[3.852s] [ 71%] Built target helmholtz_interfaces__rosidl_typesupport_introspection_cpp
[3.881s] [ 71%] Built target helmholtz_interfaces__rosidl_typesupport_fastrtps_cpp
[3.909s] [ 74%] [32m[1mLinking CXX shared library libhelmholtz_interfaces__rosidl_typesupport_fastrtps_c.so[0m
[3.982s] [ 74%] Built target helmholtz_interfaces__rosidl_typesupport_fastrtps_c
[4.015s] [ 74%] Built target helmholtz_interfaces
[4.047s] [ 76%] [34m[1mGenerating Python code for ROS interfaces[0m
[4.398s] [ 76%] Built target helmholtz_interfaces__py
[4.431s] [ 82%] [32mBuilding C object CMakeFiles/helmholtz_interfaces__rosidl_generator_py.dir/rosidl_generator_py/helmholtz_interfaces/msg/_command_s.c.o[0m
[4.431s] [ 82%] [32mBuilding C object CMakeFiles/helmholtz_interfaces__rosidl_generator_py.dir/rosidl_generator_py/helmholtz_interfaces/srv/_set_pid_s.c.o[0m
[4.568s] [ 84%] [32m[1mLinking C shared library rosidl_generator_py/helmholtz_interfaces/libhelmholtz_interfaces__rosidl_generator_py.so[0m
[4.616s] [ 84%] Built target helmholtz_interfaces__rosidl_generator_py
[4.647s] [ 92%] [32mBuilding C object CMakeFiles/helmholtz_interfaces__rosidl_typesupport_introspection_c__pyext.dir/rosidl_generator_py/helmholtz_interfaces/_helmholtz_interfaces_s.ep.rosidl_typesupport_introspection_c.c.o[0m
[4.648s] [ 92%] [32mBuilding C object CMakeFiles/helmholtz_interfaces__rosidl_typesupport_c__pyext.dir/rosidl_generator_py/helmholtz_interfaces/_helmholtz_interfaces_s.ep.rosidl_typesupport_c.c.o[0m
[4.648s] [ 92%] [32mBuilding C object CMakeFiles/helmholtz_interfaces__rosidl_typesupport_fastrtps_c__pyext.dir/rosidl_generator_py/helmholtz_interfaces/_helmholtz_interfaces_s.ep.rosidl_typesupport_fastrtps_c.c.o[0m
[4.733s] [ 97%] [32m[1mLinking C shared library rosidl_generator_py/helmholtz_interfaces/helmholtz_interfaces_s__rosidl_typesupport_c.cpython-310-x86_64-linux-gnu.so[0m
[4.733s] [ 97%] [32m[1mLinking C shared library rosidl_generator_py/helmholtz_interfaces/helmholtz_interfaces_s__rosidl_typesupport_introspection_c.cpython-310-x86_64-linux-gnu.so[0m
[4.738s] [100%] [32m[1mLinking C shared library rosidl_generator_py/helmholtz_interfaces/helmholtz_interfaces_s__rosidl_typesupport_fastrtps_c.cpython-310-x86_64-linux-gnu.so[0m
[4.776s] [100%] Built target helmholtz_interfaces__rosidl_typesupport_introspection_c__pyext
[4.776s] [100%] Built target helmholtz_interfaces__rosidl_typesupport_c__pyext
[4.780s] [100%] Built target helmholtz_interfaces__rosidl_typesupport_fastrtps_c__pyext
[4.795s] Invoked command in '/home/neerav/helmholtz_minimal_ws/build/helmholtz_interfaces' returned '0': CMAKE_PREFIX_PATH=${CMAKE_PREFIX_PATH}:/home/neerav/ros2_ws/install/ong:/home/neerav/ros2_ws/install/hel_cage:/home/neerav/ros2_ws/install/cube_rotation:/home/neerav/ros2_ws/install/acds_stuff:/home/neerav/ws_moveit/install/moveit_configs_utils:/home/neerav/ws_moveit/install/launch_param_builder:/opt/ros/humble /usr/bin/cmake --build /home/neerav/helmholtz_minimal_ws/build/helmholtz_interfaces -- -j12 -l12
[4.810s] Invoking command in '/home/neerav/helmholtz_minimal_ws/build/helmholtz_interfaces': CMAKE_PREFIX_PATH=${CMAKE_PREFIX_PATH}:/home/neerav/ros2_ws/install/ong:/home/neerav/ros2_ws/install/hel_cage:/home/neerav/ros2_ws/install/cube_rotation:/home/neerav/ros2_ws/install/acds_stuff:/home/neerav/ws_moveit/install/moveit_configs_utils:/home/neerav/ws_moveit/install/launch_param_builder:/opt/ros/humble /usr/bin/cmake --install /home/neerav/helmholtz_minimal_ws/build/helmholtz_interfaces
[4.822s] -- Install configuration: ""
[4.822s] -- Installing: /home/neerav/helmholtz_minimal_ws/install/helmholtz_interfaces/share/ament_index/resource_index/rosidl_interfaces/helmholtz_interfaces
[4.822s] -- Installing: /home/neerav/helmholtz_minimal_ws/install/helmholtz_interfaces/include/helmholtz_interfaces/helmholtz_interfaces
[4.822s] -- Installing: /home/neerav/helmholtz_minimal_ws/install/helmholtz_interfaces/include/helmholtz_interfaces/helmholtz_interfaces/msg
[4.822s] -- Installing: /home/neerav/helmholtz_minimal_ws/install/helmholtz_interfaces/include/helmholtz_interfaces/helmholtz_interfaces/msg/rosidl_generator_c__visibility_control.h
[4.823s] -- Installing: /home/neerav/helmholtz_minimal_ws/install/helmholtz_interfaces/include/helmholtz_interfaces/helmholtz_interfaces/msg/command.h
[4.823s] -- Installing: /home/neerav/helmholtz_minimal_ws/install/helmholtz_interfaces/include/helmholtz_interfaces/helmholtz_interfaces/msg/detail
[4.823s] -- Installing: /home/neerav/helmholtz_minimal_ws/install/helmholtz_interfaces/include/helmholtz_interfaces/helmholtz_interfaces/msg/detail/command__type_support.h
[4.823s] -- Installing: /home/neerav/helmholtz_minimal_ws/install/helmholtz_interfaces/include/helmholtz_interfaces/helmholtz_interfaces/msg/detail/command__functions.c
[4.823s] -- Installing: /home/neerav/helmholtz_minimal_ws/install/helmholtz_interfaces/include/helmholtz_interfaces/helmholtz_interfaces/msg/detail/command__struct.h
[4.823s] -- Installing: /home/neerav/helmholtz_minimal_ws/install/helmholtz_interfaces/include/helmholtz_interfaces/helmholtz_interfaces/msg/detail/command__functions.h
[4.823s] -- Installing: /home/neerav/helmholtz_minimal_ws/install/helmholtz_interfaces/include/helmholtz_interfaces/helmholtz_interfaces/srv
[4.823s] -- Installing: /home/neerav/helmholtz_minimal_ws/install/helmholtz_interfaces/include/helmholtz_interfaces/helmholtz_interfaces/srv/set_pid.h
[4.823s] -- Installing: /home/neerav/helmholtz_minimal_ws/install/helmholtz_interfaces/include/helmholtz_interfaces/helmholtz_interfaces/srv/detail
[4.823s] -- Installing: /home/neerav/helmholtz_minimal_ws/install/helmholtz_interfaces/include/helmholtz_interfaces/helmholtz_interfaces/srv/detail/set_pid__struct.h
[4.824s] -- Installing: /home/neerav/helmholtz_minimal_ws/install/helmholtz_interfaces/include/helmholtz_interfaces/helmholtz_interfaces/srv/detail/set_pid__functions.c
[4.824s] -- Installing: /home/neerav/helmholtz_minimal_ws/install/helmholtz_interfaces/include/helmholtz_interfaces/helmholtz_interfaces/srv/detail/set_pid__functions.h
[4.824s] -- Installing: /home/neerav/helmholtz_minimal_ws/install/helmholtz_interfaces/include/helmholtz_interfaces/helmholtz_interfaces/srv/detail/set_pid__type_support.h
[4.824s] -- Installing: /home/neerav/helmholtz_minimal_ws/install/helmholtz_interfaces/share/helmholtz_interfaces/environment/library_path.sh
[4.824s] -- Installing: /home/neerav/helmholtz_minimal_ws/install/helmholtz_interfaces/share/helmholtz_interfaces/environment/library_path.dsv
[4.824s] -- Installing: /home/neerav/helmholtz_minimal_ws/install/helmholtz_interfaces/lib/libhelmholtz_interfaces__rosidl_generator_c.so
[4.825s] -- Set runtime path of "/home/neerav/helmholtz_minimal_ws/install/helmholtz_interfaces/lib/libhelmholtz_interfaces__rosidl_generator_c.so" to ""
[4.825s] -- Up-to-date: /home/neerav/helmholtz_minimal_ws/install/helmholtz_interfaces/include/helmholtz_interfaces/helmholtz_interfaces
[4.825s] -- Up-to-date: /home/neerav/helmholtz_minimal_ws/install/helmholtz_interfaces/include/helmholtz_interfaces/helmholtz_interfaces/msg
[4.825s] -- Installing: /home/neerav/helmholtz_minimal_ws/install/helmholtz_interfaces/include/helmholtz_interfaces/helmholtz_interfaces/msg/rosidl_typesupport_fastrtps_c__visibility_control.h
[4.825s] -- Up-to-date: /home/neerav/helmholtz_minimal_ws/install/helmholtz_interfaces/include/helmholtz_interfaces/helmholtz_interfaces/msg/detail
[4.825s] -- Installing: /home/neerav/helmholtz_minimal_ws/install/helmholtz_interfaces/include/helmholtz_interfaces/helmholtz_interfaces/msg/detail/command__rosidl_typesupport_fastrtps_c.h
[4.825s] -- Up-to-date: /home/neerav/helmholtz_minimal_ws/install/helmholtz_interfaces/include/helmholtz_interfaces/helmholtz_interfaces/srv
[4.825s] -- Up-to-date: /home/neerav/helmholtz_minimal_ws/install/helmholtz_interfaces/include/helmholtz_interfaces/helmholtz_interfaces/srv/detail
[4.825s] -- Installing: /home/neerav/helmholtz_minimal_ws/install/helmholtz_interfaces/include/helmholtz_interfaces/helmholtz_interfaces/srv/detail/set_pid__rosidl_typesupport_fastrtps_c.h
[4.825s] -- Installing: /home/neerav/helmholtz_minimal_ws/install/helmholtz_interfaces/lib/libhelmholtz_interfaces__rosidl_typesupport_fastrtps_c.so
[4.826s] -- Set runtime path of "/home/neerav/helmholtz_minimal_ws/install/helmholtz_interfaces/lib/libhelmholtz_interfaces__rosidl_typesupport_fastrtps_c.so" to ""
[4.826s] -- Up-to-date: /home/neerav/helmholtz_minimal_ws/install/helmholtz_interfaces/include/helmholtz_interfaces/helmholtz_interfaces
[4.826s] -- Up-to-date: /home/neerav/helmholtz_minimal_ws/install/helmholtz_interfaces/include/helmholtz_interfaces/helmholtz_interfaces/msg
[4.826s] -- Installing: /home/neerav/helmholtz_minimal_ws/install/helmholtz_interfaces/include/helmholtz_interfaces/helmholtz_interfaces/msg/rosidl_typesupport_introspection_c__visibility_control.h
[4.826s] -- Up-to-date: /home/neerav/helmholtz_minimal_ws/install/helmholtz_interfaces/include/helmholtz_interfaces/helmholtz_interfaces/msg/detail
[4.826s] -- Installing: /home/neerav/helmholtz_minimal_ws/install/helmholtz_interfaces/include/helmholtz_interfaces/helmholtz_interfaces/msg/detail/command__type_support.c
[4.826s] -- Installing: /home/neerav/helmholtz_minimal_ws/install/helmholtz_interfaces/include/helmholtz_interfaces/helmholtz_interfaces/msg/detail/command__rosidl_typesupport_introspection_c.h
[4.826s] -- Up-to-date: /home/neerav/helmholtz_minimal_ws/install/helmholtz_interfaces/include/helmholtz_interfaces/helmholtz_interfaces/srv
[4.826s] -- Up-to-date: /home/neerav/helmholtz_minimal_ws/install/helmholtz_interfaces/include/helmholtz_interfaces/helmholtz_interfaces/srv/detail
[4.826s] -- Installing: /home/neerav/helmholtz_minimal_ws/install/helmholtz_interfaces/include/helmholtz_interfaces/helmholtz_interfaces/srv/detail/set_pid__type_support.c
[4.826s] -- Installing: /home/neerav/helmholtz_minimal_ws/install/helmholtz_interfaces/include/helmholtz_interfaces/helmholtz_interfaces/srv/detail/set_pid__rosidl_typesupport_introspection_c.h
[4.826s] -- Installing: /home/neerav/helmholtz_minimal_ws/install/helmholtz_interfaces/lib/libhelmholtz_interfaces__rosidl_typesupport_introspection_c.so
[4.827s] -- Set runtime path of "/home/neerav/helmholtz_minimal_ws/install/helmholtz_interfaces/lib/libhelmholtz_interfaces__rosidl_typesupport_introspection_c.so" to ""
[4.827s] -- Installing: /home/neerav/helmholtz_minimal_ws/install/helmholtz_interfaces/lib/libhelmholtz_interfaces__rosidl_typesupport_c.so
[4.827s] -- Set runtime path of "/home/neerav/helmholtz_minimal_ws/install/helmholtz_interfaces/lib/libhelmholtz_interfaces__rosidl_typesupport_c.so" to ""
[4.827s] -- Up-to-date: /home/neerav/helmholtz_minimal_ws/install/helmholtz_interfaces/include/helmholtz_interfaces/helmholtz_interfaces
[4.827s] -- Up-to-date: /home/neerav/helmholtz_minimal_ws/install/helmholtz_interfaces/include/helmholtz_interfaces/helmholtz_interfaces/msg
[4.827s] -- Up-to-date: /home/neerav/helmholtz_minimal_ws/install/helmholtz_interfaces/include/helmholtz_interfaces/helmholtz_interfaces/msg/detail
[4.827s] -- Installing: /home/neerav/helmholtz_minimal_ws/install/helmholtz_interfaces/include/helmholtz_interfaces/helmholtz_interfaces/msg/detail/command__traits.hpp
[4.827s] -- Installing: /home/neerav/helmholtz_minimal_ws/install/helmholtz_interfaces/include/helmholtz_interfaces/helmholtz_interfaces/msg/detail/command__builder.hpp
[4.827s] -- Installing: /home/neerav/helmholtz_minimal_ws/install/helmholtz_interfaces/include/helmholtz_interfaces/helmholtz_interfaces/msg/detail/command__struct.hpp
[4.827s] -- Installing: /home/neerav/helmholtz_minimal_ws/install/helmholtz_interfaces/include/helmholtz_interfaces/helmholtz_interfaces/msg/detail/command__type_support.hpp
[4.828s] -- Installing: /home/neerav/helmholtz_minimal_ws/install/helmholtz_interfaces/include/helmholtz_interfaces/helmholtz_interfaces/msg/rosidl_generator_cpp__visibility_control.hpp
[4.828s] -- Installing: /home/neerav/helmholtz_minimal_ws/install/helmholtz_interfaces/include/helmholtz_interfaces/helmholtz_interfaces/msg/command.hpp
[4.828s] -- Up-to-date: /home/neerav/helmholtz_minimal_ws/install/helmholtz_interfaces/include/helmholtz_interfaces/helmholtz_interfaces/srv
[4.828s] -- Installing: /home/neerav/helmholtz_minimal_ws/install/helmholtz_interfaces/include/helmholtz_interfaces/helmholtz_interfaces/srv/set_pid.hpp
[4.828s] -- Up-to-date: /home/neerav/helmholtz_minimal_ws/install/helmholtz_interfaces/include/helmholtz_interfaces/helmholtz_interfaces/srv/detail
[4.828s] -- Installing: /home/neerav/helmholtz_minimal_ws/install/helmholtz_interfaces/include/helmholtz_interfaces/helmholtz_interfaces/srv/detail/set_pid__builder.hpp
[4.828s] -- Installing: /home/neerav/helmholtz_minimal_ws/install/helmholtz_interfaces/include/helmholtz_interfaces/helmholtz_interfaces/srv/detail/set_pid__type_support.hpp
[4.828s] -- Installing: /home/neerav/helmholtz_minimal_ws/install/helmholtz_interfaces/include/helmholtz_interfaces/helmholtz_interfaces/srv/detail/set_pid__struct.hpp
[4.828s] -- Installing: /home/neerav/helmholtz_minimal_ws/install/helmholtz_interfaces/include/helmholtz_interfaces/helmholtz_interfaces/srv/detail/set_pid__traits.hpp
[4.828s] -- Up-to-date: /home/neerav/helmholtz_minimal_ws/install/helmholtz_interfaces/include/helmholtz_interfaces/helmholtz_interfaces
[4.829s] -- Up-to-date: /home/neerav/helmholtz_minimal_ws/install/helmholtz_interfaces/include/helmholtz_interfaces/helmholtz_interfaces/msg
[4.829s] -- Up-to-date: /home/neerav/helmholtz_minimal_ws/install/helmholtz_interfaces/include/helmholtz_interfaces/helmholtz_interfaces/msg/detail
[4.829s] -- Installing: /home/neerav/helmholtz_minimal_ws/install/helmholtz_interfaces/include/helmholtz_interfaces/helmholtz_interfaces/msg/detail/dds_fastrtps
[4.829s] -- Installing: /home/neerav/helmholtz_minimal_ws/install/helmholtz_interfaces/include/helmholtz_interfaces/helmholtz_interfaces/msg/detail/command__rosidl_typesupport_fastrtps_cpp.hpp
[4.829s] -- Installing: /home/neerav/helmholtz_minimal_ws/install/helmholtz_interfaces/include/helmholtz_interfaces/helmholtz_interfaces/msg/rosidl_typesupport_fastrtps_cpp__visibility_control.h
[4.829s] -- Up-to-date: /home/neerav/helmholtz_minimal_ws/install/helmholtz_interfaces/include/helmholtz_interfaces/helmholtz_interfaces/srv
[4.829s] -- Up-to-date: /home/neerav/helmholtz_minimal_ws/install/helmholtz_interfaces/include/helmholtz_interfaces/helmholtz_interfaces/srv/detail
[4.829s] -- Installing: /home/neerav/helmholtz_minimal_ws/install/helmholtz_interfaces/include/helmholtz_interfaces/helmholtz_interfaces/srv/detail/dds_fastrtps
[4.829s] -- Installing: /home/neerav/helmholtz_minimal_ws/install/helmholtz_interfaces/include/helmholtz_interfaces/helmholtz_interfaces/srv/detail/set_pid__rosidl_typesupport_fastrtps_cpp.hpp
[4.829s] -- Installing: /home/neerav/helmholtz_minimal_ws/install/helmholtz_interfaces/lib/libhelmholtz_interfaces__rosidl_typesupport_fastrtps_cpp.so
[4.829s] -- Set runtime path of "/home/neerav/helmholtz_minimal_ws/install/helmholtz_interfaces/lib/libhelmholtz_interfaces__rosidl_typesupport_fastrtps_cpp.so" to ""
[4.830s] -- Up-to-date: /home/neerav/helmholtz_minimal_ws/install/helmholtz_interfaces/include/helmholtz_interfaces/helmholtz_interfaces
[4.830s] -- Up-to-date: /home/neerav/helmholtz_minimal_ws/install/helmholtz_interfaces/include/helmholtz_interfaces/helmholtz_interfaces/msg
[4.830s] -- Up-to-date: /home/neerav/helmholtz_minimal_ws/install/helmholtz_interfaces/include/helmholtz_interfaces/helmholtz_interfaces/msg/detail
[4.830s] -- Installing: /home/neerav/helmholtz_minimal_ws/install/helmholtz_interfaces/include/helmholtz_interfaces/helmholtz_interfaces/msg/detail/command__rosidl_typesupport_introspection_cpp.hpp
[4.830s] -- Installing: /home/neerav/helmholtz_minimal_ws/install/helmholtz_interfaces/include/helmholtz_interfaces/helmholtz_interfaces/msg/detail/command__type_support.cpp
[4.830s] -- Up-to-date: /home/neerav/helmholtz_minimal_ws/install/helmholtz_interfaces/include/helmholtz_interfaces/helmholtz_interfaces/srv
[4.830s] -- Up-to-date: /home/neerav/helmholtz_minimal_ws/install/helmholtz_interfaces/include/helmholtz_interfaces/helmholtz_interfaces/srv/detail
[4.830s] -- Installing: /home/neerav/helmholtz_minimal_ws/install/helmholtz_interfaces/include/helmholtz_interfaces/helmholtz_interfaces/srv/detail/set_pid__type_support.cpp
[4.830s] -- Installing: /home/neerav/helmholtz_minimal_ws/install/helmholtz_interfaces/include/helmholtz_interfaces/helmholtz_interfaces/srv/detail/set_pid__rosidl_typesupport_introspection_cpp.hpp
[4.830s] -- Installing: /home/neerav/helmholtz_minimal_ws/install/helmholtz_interfaces/lib/libhelmholtz_interfaces__rosidl_typesupport_introspection_cpp.so
[4.830s] -- Set runtime path of "/home/neerav/helmholtz_minimal_ws/install/helmholtz_interfaces/lib/libhelmholtz_interfaces__rosidl_typesupport_introspection_cpp.so" to ""
[4.831s] -- Installing: /home/neerav/helmholtz_minimal_ws/install/helmholtz_interfaces/lib/libhelmholtz_interfaces__rosidl_typesupport_cpp.so
[4.831s] -- Set runtime path of "/home/neerav/helmholtz_minimal_ws/install/helmholtz_interfaces/lib/libhelmholtz_interfaces__rosidl_typesupport_cpp.so" to ""
[4.831s] -- Installing: /home/neerav/helmholtz_minimal_ws/install/helmholtz_interfaces/share/helmholtz_interfaces/environment/pythonpath.sh
[4.831s] -- Installing: /home/neerav/helmholtz_minimal_ws/install/helmholtz_interfaces/share/helmholtz_interfaces/environment/pythonpath.dsv
[4.831s] -- Installing: /home/neerav/helmholtz_minimal_ws/install/helmholtz_interfaces/local/lib/python3.10/dist-packages/helmholtz_interfaces-0.0.0-py3.10.egg-info
[4.831s] -- Installing: /home/neerav/helmholtz_minimal_ws/install/helmholtz_interfaces/local/lib/python3.10/dist-packages/helmholtz_interfaces-0.0.0-py3.10.egg-info/top_level.txt
[4.831s] -- Installing: /home/neerav/helmholtz_minimal_ws/install/helmholtz_interfaces/local/lib/python3.10/dist-packages/helmholtz_interfaces-0.0.0-py3.10.egg-info/SOURCES.txt
[4.831s] -- Installing: /home/neerav/helmholtz_minimal_ws/install/helmholtz_interfaces/local/lib/python3.10/dist-packages/helmholtz_interfaces-0.0.0-py3.10.egg-info/PKG-INFO
[4.832s] -- Installing: /home/neerav/helmholtz_minimal_ws/install/helmholtz_interfaces/local/lib/python3.10/dist-packages/helmholtz_interfaces-0.0.0-py3.10.egg-info/dependency_links.txt
[4.832s] -- Installing: /home/neerav/helmholtz_minimal_ws/install/helmholtz_interfaces/local/lib/python3.10/dist-packages/helmholtz_interfaces
[4.832s] -- Installing: /home/neerav/helmholtz_minimal_ws/install/helmholtz_interfaces/local/lib/python3.10/dist-packages/helmholtz_interfaces/_helmholtz_interfaces_s.ep.rosidl_typesupport_introspection_c.c
[4.832s] -- Installing: /home/neerav/helmholtz_minimal_ws/install/helmholtz_interfaces/local/lib/python3.10/dist-packages/helmholtz_interfaces/libhelmholtz_interfaces__rosidl_generator_py.so
[4.832s] -- Installing: /home/neerav/helmholtz_minimal_ws/install/helmholtz_interfaces/local/lib/python3.10/dist-packages/helmholtz_interfaces/helmholtz_interfaces_s__rosidl_typesupport_fastrtps_c.cpython-310-x86_64-linux-gnu.so
[4.832s] -- Installing: /home/neerav/helmholtz_minimal_ws/install/helmholtz_interfaces/local/lib/python3.10/dist-packages/helmholtz_interfaces/_helmholtz_interfaces_s.ep.rosidl_typesupport_c.c
[4.832s] -- Installing: /home/neerav/helmholtz_minimal_ws/install/helmholtz_interfaces/local/lib/python3.10/dist-packages/helmholtz_interfaces/helmholtz_interfaces_s__rosidl_typesupport_introspection_c.cpython-310-x86_64-linux-gnu.so
[4.832s] -- Installing: /home/neerav/helmholtz_minimal_ws/install/helmholtz_interfaces/local/lib/python3.10/dist-packages/helmholtz_interfaces/_helmholtz_interfaces_s.ep.rosidl_typesupport_fastrtps_c.c
[4.833s] -- Installing: /home/neerav/helmholtz_minimal_ws/install/helmholtz_interfaces/local/lib/python3.10/dist-packages/helmholtz_interfaces/helmholtz_interfaces_s__rosidl_typesupport_c.cpython-310-x86_64-linux-gnu.so
[4.833s] -- Installing: /home/neerav/helmholtz_minimal_ws/install/helmholtz_interfaces/local/lib/python3.10/dist-packages/helmholtz_interfaces/msg
[4.833s] -- Installing: /home/neerav/helmholtz_minimal_ws/install/helmholtz_interfaces/local/lib/python3.10/dist-packages/helmholtz_interfaces/msg/_command.py
[4.833s] -- Installing: /home/neerav/helmholtz_minimal_ws/install/helmholtz_interfaces/local/lib/python3.10/dist-packages/helmholtz_interfaces/msg/_command_s.c
[4.833s] -- Installing: /home/neerav/helmholtz_minimal_ws/install/helmholtz_interfaces/local/lib/python3.10/dist-packages/helmholtz_interfaces/msg/__init__.py
[4.833s] -- Installing: /home/neerav/helmholtz_minimal_ws/install/helmholtz_interfaces/local/lib/python3.10/dist-packages/helmholtz_interfaces/srv
[4.833s] -- Installing: /home/neerav/helmholtz_minimal_ws/install/helmholtz_interfaces/local/lib/python3.10/dist-packages/helmholtz_interfaces/srv/_set_pid_s.c
[4.833s] -- Installing: /home/neerav/helmholtz_minimal_ws/install/helmholtz_interfaces/local/lib/python3.10/dist-packages/helmholtz_interfaces/srv/_set_pid.py
[4.833s] -- Installing: /home/neerav/helmholtz_minimal_ws/install/helmholtz_interfaces/local/lib/python3.10/dist-packages/helmholtz_interfaces/srv/__init__.py
[4.833s] -- Installing: /home/neerav/helmholtz_minimal_ws/install/helmholtz_interfaces/local/lib/python3.10/dist-packages/helmholtz_interfaces/__init__.py
[4.869s] Listing '/home/neerav/helmholtz_minimal_ws/install/helmholtz_interfaces/local/lib/python3.10/dist-packages/helmholtz_interfaces'...
[4.869s] Compiling '/home/neerav/helmholtz_minimal_ws/install/helmholtz_interfaces/local/lib/python3.10/dist-packages/helmholtz_interfaces/__init__.py'...
[4.869s] Listing '/home/neerav/helmholtz_minimal_ws/install/helmholtz_interfaces/local/lib/python3.10/dist-packages/helmholtz_interfaces/msg'...
[4.870s] Compiling '/home/neerav/helmholtz_minimal_ws/install/helmholtz_interfaces/local/lib/python3.10/dist-packages/helmholtz_interfaces/msg/__init__.py'...
[4.870s] Compiling '/home/neerav/helmholtz_minimal_ws/install/helmholtz_interfaces/local/lib/python3.10/dist-packages/helmholtz_interfaces/msg/_command.py'...
[4.870s] Listing '/home/neerav/helmholtz_minimal_ws/install/helmholtz_interfaces/local/lib/python3.10/dist-packages/helmholtz_interfaces/srv'...
[4.870s] Compiling '/home/neerav/helmholtz_minimal_ws/install/helmholtz_interfaces/local/lib/python3.10/dist-packages/helmholtz_interfaces/srv/__init__.py'...
[4.870s] Compiling '/home/neerav/helmholtz_minimal_ws/install/helmholtz_interfaces/local/lib/python3.10/dist-packages/helmholtz_interfaces/srv/_set_pid.py'...
[4.873s] -- Installing: /home/neerav/helmholtz_minimal_ws/install/helmholtz_interfaces/local/lib/python3.10/dist-packages/helmholtz_interfaces/helmholtz_interfaces_s__rosidl_typesupport_fastrtps_c.cpython-310-x86_64-linux-gnu.so
[4.873s] -- Set runtime path of "/home/neerav/helmholtz_minimal_ws/install/helmholtz_interfaces/local/lib/python3.10/dist-packages/helmholtz_interfaces/helmholtz_interfaces_s__rosidl_typesupport_fastrtps_c.cpython-310-x86_64-linux-gnu.so" to ""
[4.874s] -- Installing: /home/neerav/helmholtz_minimal_ws/install/helmholtz_interfaces/local/lib/python3.10/dist-packages/helmholtz_interfaces/helmholtz_interfaces_s__rosidl_typesupport_introspection_c.cpython-310-x86_64-linux-gnu.so
[4.874s] -- Set runtime path of "/home/neerav/helmholtz_minimal_ws/install/helmholtz_interfaces/local/lib/python3.10/dist-packages/helmholtz_interfaces/helmholtz_interfaces_s__rosidl_typesupport_introspection_c.cpython-310-x86_64-linux-gnu.so" to ""
[4.874s] -- Installing: /home/neerav/helmholtz_minimal_ws/install/helmholtz_interfaces/local/lib/python3.10/dist-packages/helmholtz_interfaces/helmholtz_interfaces_s__rosidl_typesupport_c.cpython-310-x86_64-linux-gnu.so
[4.874s] -- Set runtime path of "/home/neerav/helmholtz_minimal_ws/install/helmholtz_interfaces/local/lib/python3.10/dist-packages/helmholtz_interfaces/helmholtz_interfaces_s__rosidl_typesupport_c.cpython-310-x86_64-linux-gnu.so" to ""
[4.875s] -- Installing: /home/neerav/helmholtz_minimal_ws/install/helmholtz_interfaces/lib/libhelmholtz_interfaces__rosidl_generator_py.so
[4.875s] -- Set runtime path of "/home/neerav/helmholtz_minimal_ws/install/helmholtz_interfaces/lib/libhelmholtz_interfaces__rosidl_generator_py.so" to ""
[4.875s] -- Installing: /home/neerav/helmholtz_minimal_ws/install/helmholtz_interfaces/share/helmholtz_interfaces/msg/Command.idl
[4.875s] -- Installing: /home/neerav/helmholtz_minimal_ws/install/helmholtz_interfaces/share/helmholtz_interfaces/srv/SetPID.idl
[4.875s] -- Installing: /home/neerav/helmholtz_minimal_ws/install/helmholtz_interfaces/share/helmholtz_interfaces/msg/Command.msg
[4.875s] -- Installing: /home/neerav/helmholtz_minimal_ws/install/helmholtz_interfaces/share/helmholtz_interfaces/srv/SetPID.srv
[4.876s] -- Installing: /home/neerav/helmholtz_minimal_ws/install/helmholtz_interfaces/share/helmholtz_interfaces/srv/SetPID_Request.msg
[4.876s] -- Installing: /home/neerav/helmholtz_minimal_ws/install/helmholtz_interfaces/share/helmholtz_interfaces/srv/SetPID_Response.msg
[4.876s] -- Installing: /home/neerav/helmholtz_minimal_ws/install/helmholtz_interfaces/share/ament_index/resource_index/package_run_dependencies/helmholtz_interfaces
[4.876s] -- Installing: /home/neerav/helmholtz_minimal_ws/install/helmholtz_interfaces/share/ament_index/resource_index/parent_prefix_path/helmholtz_interfaces
[4.876s] -- Installing: /home/neerav/helmholtz_minimal_ws/install/helmholtz_interfaces/share/helmholtz_interfaces/environment/ament_prefix_path.sh
[4.876s] -- Installing: /home/neerav/helmholtz_minimal_ws/install/helmholtz_interfaces/share/helmholtz_interfaces/environment/ament_prefix_path.dsv
[4.877s] -- Installing: /home/neerav/helmholtz_minimal_ws/install/helmholtz_interfaces/share/helmholtz_interfaces/environment/path.sh
[4.877s] -- Installing: /home/neerav/helmholtz_minimal_ws/install/helmholtz_interfaces/share/helmholtz_interfaces/environment/path.dsv
[4.877s] -- Installing: /home/neerav/helmholtz_minimal_ws/install/helmholtz_interfaces/share/helmholtz_interfaces/local_setup.bash
[4.877s] -- Installing: /home/neerav/helmholtz_minimal_ws/install/helmholtz_interfaces/share/helmholtz_interfaces/local_setup.sh
[4.877s] -- Installing: /home/neerav/helmholtz_minimal_ws/install/helmholtz_interfaces/share/helmholtz_interfaces/local_setup.zsh
[4.877s] -- Installing: /home/neerav/helmholtz_minimal_ws/install/helmholtz_interfaces/share/helmholtz_interfaces/local_setup.dsv
[4.877s] -- Installing: /home/neerav/helmholtz_minimal_ws/install/helmholtz_interfaces/share/helmholtz_interfaces/package.dsv
[4.878s] -- Installing: /home/neerav/helmholtz_minimal_ws/install/helmholtz_interfaces/share/ament_index/resource_index/packages/helmholtz_interfaces
[4.878s] -- Installing: /home/neerav/helmholtz_minimal_ws/install/helmholtz_interfaces/share/helmholtz_interfaces/cmake/export_helmholtz_interfaces__rosidl_generator_cExport.cmake
[4.878s] -- Installing: /home/neerav/helmholtz_minimal_ws/install/helmholtz_interfaces/share/helmholtz_interfaces/cmake/export_helmholtz_interfaces__rosidl_generator_cExport-noconfig.cmake
[4.878s] -- Installing: /home/neerav/helmholtz_minimal_ws/install/helmholtz_interfaces/share/helmholtz_interfaces/cmake/export_helmholtz_interfaces__rosidl_typesupport_fastrtps_cExport.cmake
[4.878s] -- Installing: /home/neerav/helmholtz_minimal_ws/install/helmholtz_interfaces/share/helmholtz_interfaces/cmake/export_helmholtz_interfaces__rosidl_typesupport_fastrtps_cExport-noconfig.cmake
[4.879s] -- Installing: /home/neerav/helmholtz_minimal_ws/install/helmholtz_interfaces/share/helmholtz_interfaces/cmake/helmholtz_interfaces__rosidl_typesupport_introspection_cExport.cmake
[4.879s] -- Installing: /home/neerav/helmholtz_minimal_ws/install/helmholtz_interfaces/share/helmholtz_interfaces/cmake/helmholtz_interfaces__rosidl_typesupport_introspection_cExport-noconfig.cmake
[4.879s] -- Installing: /home/neerav/helmholtz_minimal_ws/install/helmholtz_interfaces/share/helmholtz_interfaces/cmake/helmholtz_interfaces__rosidl_typesupport_cExport.cmake
[4.879s] -- Installing: /home/neerav/helmholtz_minimal_ws/install/helmholtz_interfaces/share/helmholtz_interfaces/cmake/helmholtz_interfaces__rosidl_typesupport_cExport-noconfig.cmake
[4.879s] -- Installing: /home/neerav/helmholtz_minimal_ws/install/helmholtz_interfaces/share/helmholtz_interfaces/cmake/export_helmholtz_interfaces__rosidl_generator_cppExport.cmake
[4.879s] -- Installing: /home/neerav/helmholtz_minimal_ws/install/helmholtz_interfaces/share/helmholtz_interfaces/cmake/export_helmholtz_interfaces__rosidl_typesupport_fastrtps_cppExport.cmake
[4.880s] -- Installing: /home/neerav/helmholtz_minimal_ws/install/helmholtz_interfaces/share/helmholtz_interfaces/cmake/export_helmholtz_interfaces__rosidl_typesupport_fastrtps_cppExport-noconfig.cmake
[4.880s] -- Installing: /home/neerav/helmholtz_minimal_ws/install/helmholtz_interfaces/share/helmholtz_interfaces/cmake/helmholtz_interfaces__rosidl_typesupport_introspection_cppExport.cmake
[4.880s] -- Installing: /home/neerav/helmholtz_minimal_ws/install/helmholtz_interfaces/share/helmholtz_interfaces/cmake/helmholtz_interfaces__rosidl_typesupport_introspection_cppExport-noconfig.cmake
[4.880s] -- Installing: /home/neerav/helmholtz_minimal_ws/install/helmholtz_interfaces/share/helmholtz_interfaces/cmake/helmholtz_interfaces__rosidl_typesupport_cppExport.cmake
[4.880s] -- Installing: /home/neerav/helmholtz_minimal_ws/install/helmholtz_interfaces/share/helmholtz_interfaces/cmake/helmholtz_interfaces__rosidl_typesupport_cppExport-noconfig.cmake
[4.880s] -- Installing: /home/neerav/helmholtz_minimal_ws/install/helmholtz_interfaces/share/helmholtz_interfaces/cmake/export_helmholtz_interfaces__rosidl_generator_pyExport.cmake
[4.880s] -- Installing: /home/neerav/helmholtz_minimal_ws/install/helmholtz_interfaces/share/helmholtz_interfaces/cmake/export_helmholtz_interfaces__rosidl_generator_pyExport-noconfig.cmake
[4.881s] -- Installing: /home/neerav/helmholtz_minimal_ws/install/helmholtz_interfaces/share/helmholtz_interfaces/cmake/rosidl_cmake-extras.cmake
[4.881s] -- Installing: /home/neerav/helmholtz_minimal_ws/install/helmholtz_interfaces/share/helmholtz_interfaces/cmake/ament_cmake_export_include_directories-extras.cmake
[4.881s] -- Installing: /home/neerav/helmholtz_minimal_ws/install/helmholtz_interfaces/share/helmholtz_interfaces/cmake/ament_cmake_export_libraries-extras.cmake
[4.881s] -- Installing: /home/neerav/helmholtz_minimal_ws/install/helmholtz_interfaces/share/helmholtz_interfaces/cmake/ament_cmake_export_targets-extras.cmake
[4.881s] -- Installing: /home/neerav/helmholtz_minimal_ws/install/helmholtz_interfaces/share/helmholtz_interfaces/cmake/rosidl_cmake_export_typesupport_targets-extras.cmake
[4.881s] -- Installing: /home/neerav/helmholtz_minimal_ws/install/helmholtz_interfaces/share/helmholtz_interfaces/cmake/ament_cmake_export_dependencies-extras.cmake
[4.881s] -- Installing: /home/neerav/helmholtz_minimal_ws/install/helmholtz_interfaces/share/helmholtz_interfaces/cmake/rosidl_cmake_export_typesupport_libraries-extras.cmake
[4.882s] -- Installing: /home/neerav/helmholtz_minimal_ws/install/helmholtz_interfaces/share/helmholtz_interfaces/cmake/helmholtz_interfacesConfig.cmake
[4.882s] -- Installing: /home/neerav/helmholtz_minimal_ws/install/helmholtz_interfaces/share/helmholtz_interfaces/cmake/helmholtz_interfacesConfig-version.cmake
[4.882s] -- Installing: /home/neerav/helmholtz_minimal_ws/install/helmholtz_interfaces/share/helmholtz_interfaces/package.xml
[4.885s] Invoked command in '/home/neerav/helmholtz_minimal_ws/build/helmholtz_interfaces' returned '0': CMAKE_PREFIX_PATH=${CMAKE_PREFIX_PATH}:/home/neerav/ros2_ws/install/ong:/home/neerav/ros2_ws/install/hel_cage:/home/neerav/ros2_ws/install/cube_rotation:/home/neerav/ros2_ws/install/acds_stuff:/home/neerav/ws_moveit/install/moveit_configs_utils:/home/neerav/ws_moveit/install/launch_param_builder:/opt/ros/humble /usr/bin/cmake --install /home/neerav/helmholtz_minimal_ws/build/helmholtz_interfaces
