[0.893s] Invoking command in '/home/neerav/helmholtz_minimal_ws/src/hel_cage': PYTHONPATH=/home/neerav/helmholtz_minimal_ws/build/hel_cage/prefix_override:/usr/lib/python3/dist-packages/colcon_core/task/python/colcon_distutils_commands:/home/neerav/helmholtz_minimal_ws/install/hel_cage/lib/python3.10/site-packages:${PYTHONPATH} /usr/bin/python3 -W ignore:setup.py install is deprecated -W ignore:easy_install command is deprecated setup.py egg_info --egg-base ../../build/hel_cage build --build-base /home/neerav/helmholtz_minimal_ws/build/hel_cage/build install --record /home/neerav/helmholtz_minimal_ws/build/hel_cage/install.log --single-version-externally-managed install_data
[1.170s] running egg_info
[1.171s] writing ../../build/hel_cage/hel_cage.egg-info/PKG-INFO
[1.171s] writing dependency_links to ../../build/hel_cage/hel_cage.egg-info/dependency_links.txt
[1.171s] writing entry points to ../../build/hel_cage/hel_cage.egg-info/entry_points.txt
[1.171s] writing requirements to ../../build/hel_cage/hel_cage.egg-info/requires.txt
[1.171s] writing top-level names to ../../build/hel_cage/hel_cage.egg-info/top_level.txt
[1.173s] reading manifest file '../../build/hel_cage/hel_cage.egg-info/SOURCES.txt'
[1.175s] writing manifest file '../../build/hel_cage/hel_cage.egg-info/SOURCES.txt'
[1.175s] running build
[1.175s] running build_py
[1.175s] copying hel_cage/control_node.py -> /home/neerav/helmholtz_minimal_ws/build/hel_cage/build/lib/hel_cage
[1.175s] copying hel_cage/bridge_node.py -> /home/neerav/helmholtz_minimal_ws/build/hel_cage/build/lib/hel_cage
[1.175s] copying hel_cage/gui_node.py -> /home/neerav/helmholtz_minimal_ws/build/hel_cage/build/lib/hel_cage
[1.175s] running install
[1.176s] running install_lib
[1.176s] copying /home/neerav/helmholtz_minimal_ws/build/hel_cage/build/lib/hel_cage/control_node.py -> /home/neerav/helmholtz_minimal_ws/install/hel_cage/lib/python3.10/site-packages/hel_cage
[1.176s] copying /home/neerav/helmholtz_minimal_ws/build/hel_cage/build/lib/hel_cage/bridge_node.py -> /home/neerav/helmholtz_minimal_ws/install/hel_cage/lib/python3.10/site-packages/hel_cage
[1.177s] copying /home/neerav/helmholtz_minimal_ws/build/hel_cage/build/lib/hel_cage/gui_node.py -> /home/neerav/helmholtz_minimal_ws/install/hel_cage/lib/python3.10/site-packages/hel_cage
[1.177s] byte-compiling /home/neerav/helmholtz_minimal_ws/install/hel_cage/lib/python3.10/site-packages/hel_cage/control_node.py to control_node.cpython-310.pyc
[1.178s] byte-compiling /home/neerav/helmholtz_minimal_ws/install/hel_cage/lib/python3.10/site-packages/hel_cage/bridge_node.py to bridge_node.cpython-310.pyc
[1.179s] byte-compiling /home/neerav/helmholtz_minimal_ws/install/hel_cage/lib/python3.10/site-packages/hel_cage/gui_node.py to gui_node.cpython-310.pyc
[1.182s] running install_data
[1.182s] copying launch/system.launch.py -> /home/neerav/helmholtz_minimal_ws/install/hel_cage/share/hel_cage/launch
[1.182s] running install_egg_info
[1.185s] removing '/home/neerav/helmholtz_minimal_ws/install/hel_cage/lib/python3.10/site-packages/hel_cage-0.0.0-py3.10.egg-info' (and everything under it)
[1.185s] Copying ../../build/hel_cage/hel_cage.egg-info to /home/neerav/helmholtz_minimal_ws/install/hel_cage/lib/python3.10/site-packages/hel_cage-0.0.0-py3.10.egg-info
[1.186s] running install_scripts
[1.205s] Installing bridge_node script to /home/neerav/helmholtz_minimal_ws/install/hel_cage/lib/hel_cage
[1.205s] Installing cmd_publisher script to /home/neerav/helmholtz_minimal_ws/install/hel_cage/lib/hel_cage
[1.206s] Installing control_node script to /home/neerav/helmholtz_minimal_ws/install/hel_cage/lib/hel_cage
[1.206s] Installing fft_node script to /home/neerav/helmholtz_minimal_ws/install/hel_cage/lib/hel_cage
[1.206s] Installing gui_node script to /home/neerav/helmholtz_minimal_ws/install/hel_cage/lib/hel_cage
[1.206s] writing list of installed files to '/home/neerav/helmholtz_minimal_ws/build/hel_cage/install.log'
[1.243s] Invoked command in '/home/neerav/helmholtz_minimal_ws/src/hel_cage' returned '0': PYTHONPATH=/home/neerav/helmholtz_minimal_ws/build/hel_cage/prefix_override:/usr/lib/python3/dist-packages/colcon_core/task/python/colcon_distutils_commands:/home/neerav/helmholtz_minimal_ws/install/hel_cage/lib/python3.10/site-packages:${PYTHONPATH} /usr/bin/python3 -W ignore:setup.py install is deprecated -W ignore:easy_install command is deprecated setup.py egg_info --egg-base ../../build/hel_cage build --build-base /home/neerav/helmholtz_minimal_ws/build/hel_cage/build install --record /home/neerav/helmholtz_minimal_ws/build/hel_cage/install.log --single-version-externally-managed install_data
