running egg_info
writing ../../build/hel_cage/hel_cage.egg-info/PKG-INFO
writing dependency_links to ../../build/hel_cage/hel_cage.egg-info/dependency_links.txt
writing entry points to ../../build/hel_cage/hel_cage.egg-info/entry_points.txt
writing requirements to ../../build/hel_cage/hel_cage.egg-info/requires.txt
writing top-level names to ../../build/hel_cage/hel_cage.egg-info/top_level.txt
reading manifest file '../../build/hel_cage/hel_cage.egg-info/SOURCES.txt'
writing manifest file '../../build/hel_cage/hel_cage.egg-info/SOURCES.txt'
running build
running build_py
running install
running install_lib
running install_data
running install_egg_info
removing '/home/neerav/helmholtz_minimal_ws/install/hel_cage/lib/python3.10/site-packages/hel_cage-0.0.0-py3.10.egg-info' (and everything under it)
Copying ../../build/hel_cage/hel_cage.egg-info to /home/neerav/helmholtz_minimal_ws/install/hel_cage/lib/python3.10/site-packages/hel_cage-0.0.0-py3.10.egg-info
running install_scripts
Installing bridge_node script to /home/neerav/helmholtz_minimal_ws/install/hel_cage/lib/hel_cage
Installing cmd_publisher script to /home/neerav/helmholtz_minimal_ws/install/hel_cage/lib/hel_cage
Installing control_node script to /home/neerav/helmholtz_minimal_ws/install/hel_cage/lib/hel_cage
Installing fft_node script to /home/neerav/helmholtz_minimal_ws/install/hel_cage/lib/hel_cage
Installing gui_node script to /home/neerav/helmholtz_minimal_ws/install/hel_cage/lib/hel_cage
writing list of installed files to '/home/neerav/helmholtz_minimal_ws/build/hel_cage/install.log'
