[0.124s] DEBUG:colcon:Command line arguments: ['/usr/bin/colcon', 'build']
[0.124s] DEBUG:colcon:Parsed command line arguments: Namespace(log_base=None, log_level=None, verb_name='build', build_base='build', install_base='install', merge_install=False, symlink_install=False, test_result_base=None, continue_on_error=False, executor='parallel', parallel_workers=12, event_handlers=None, ignore_user_meta=False, metas=['./colcon.meta'], base_paths=['.'], packages_ignore=None, packages_ignore_regex=None, paths=None, packages_up_to=None, packages_up_to_regex=None, packages_above=None, packages_above_and_dependencies=None, packages_above_depth=None, packages_select_by_dep=None, packages_skip_by_dep=None, packages_skip_up_to=None, packages_select_build_failed=False, packages_skip_build_finished=False, packages_select_test_failures=False, packages_skip_test_passed=False, packages_select=None, packages_skip=None, packages_select_regex=None, packages_skip_regex=None, packages_start=None, packages_end=None, allow_overriding=[], cmake_args=None, cmake_target=None, cmake_target_skip_unavailable=False, cmake_clean_cache=False, cmake_clean_first=False, cmake_force_configure=False, ament_cmake_args=None, catkin_cmake_args=None, catkin_skip_building_tests=False, mixin_files=None, mixin=None, verb_parser=<colcon_mixin.mixin.mixin_argument.MixinArgumentDecorator object at 0x7a7eab5b9150>, verb_extension=<colcon_core.verb.build.BuildVerb object at 0x7a7eab5b96f0>, main=<bound method BuildVerb.main of <colcon_core.verb.build.BuildVerb object at 0x7a7eab5b96f0>>, mixin_verb=('build',))
[0.275s] Level 1:colcon.colcon_core.package_discovery:discover_packages(colcon_meta) check parameters
[0.276s] Level 1:colcon.colcon_core.package_discovery:discover_packages(recursive) check parameters
[0.276s] Level 1:colcon.colcon_core.package_discovery:discover_packages(ignore) check parameters
[0.276s] Level 1:colcon.colcon_core.package_discovery:discover_packages(path) check parameters
[0.276s] Level 1:colcon.colcon_core.package_discovery:discover_packages(colcon_meta) discover
[0.276s] Level 1:colcon.colcon_core.package_discovery:discover_packages(recursive) discover
[0.276s] INFO:colcon.colcon_core.package_discovery:Crawling recursively for packages in '/home/neerav/helmholtz_minimal_ws'
[0.276s] Level 1:colcon.colcon_core.package_identification:_identify(.) by extensions ['ignore', 'ignore_ament_install']
[0.276s] Level 1:colcon.colcon_core.package_identification:_identify(.) by extension 'ignore'
[0.276s] Level 1:colcon.colcon_core.package_identification:_identify(.) by extension 'ignore_ament_install'
[0.276s] Level 1:colcon.colcon_core.package_identification:_identify(.) by extensions ['colcon_pkg']
[0.276s] Level 1:colcon.colcon_core.package_identification:_identify(.) by extension 'colcon_pkg'
[0.276s] Level 1:colcon.colcon_core.package_identification:_identify(.) by extensions ['colcon_meta']
[0.276s] Level 1:colcon.colcon_core.package_identification:_identify(.) by extension 'colcon_meta'
[0.276s] Level 1:colcon.colcon_core.package_identification:_identify(.) by extensions ['ros']
[0.276s] Level 1:colcon.colcon_core.package_identification:_identify(.) by extension 'ros'
[0.285s] Level 1:colcon.colcon_core.package_identification:_identify(.) by extensions ['cmake', 'python']
[0.285s] Level 1:colcon.colcon_core.package_identification:_identify(.) by extension 'cmake'
[0.285s] Level 1:colcon.colcon_core.package_identification:_identify(.) by extension 'python'
[0.285s] Level 1:colcon.colcon_core.package_identification:_identify(.) by extensions ['python_setup_py']
[0.285s] Level 1:colcon.colcon_core.package_identification:_identify(.) by extension 'python_setup_py'
[0.285s] Level 1:colcon.colcon_core.package_identification:_identify(build) by extensions ['ignore', 'ignore_ament_install']
[0.285s] Level 1:colcon.colcon_core.package_identification:_identify(build) by extension 'ignore'
[0.285s] Level 1:colcon.colcon_core.package_identification:_identify(build) ignored
[0.285s] Level 1:colcon.colcon_core.package_identification:_identify(install) by extensions ['ignore', 'ignore_ament_install']
[0.285s] Level 1:colcon.colcon_core.package_identification:_identify(install) by extension 'ignore'
[0.285s] Level 1:colcon.colcon_core.package_identification:_identify(install) ignored
[0.285s] Level 1:colcon.colcon_core.package_identification:_identify(log) by extensions ['ignore', 'ignore_ament_install']
[0.285s] Level 1:colcon.colcon_core.package_identification:_identify(log) by extension 'ignore'
[0.285s] Level 1:colcon.colcon_core.package_identification:_identify(log) ignored
[0.285s] Level 1:colcon.colcon_core.package_identification:_identify(src) by extensions ['ignore', 'ignore_ament_install']
[0.285s] Level 1:colcon.colcon_core.package_identification:_identify(src) by extension 'ignore'
[0.285s] Level 1:colcon.colcon_core.package_identification:_identify(src) by extension 'ignore_ament_install'
[0.286s] Level 1:colcon.colcon_core.package_identification:_identify(src) by extensions ['colcon_pkg']
[0.286s] Level 1:colcon.colcon_core.package_identification:_identify(src) by extension 'colcon_pkg'
[0.286s] Level 1:colcon.colcon_core.package_identification:_identify(src) by extensions ['colcon_meta']
[0.286s] Level 1:colcon.colcon_core.package_identification:_identify(src) by extension 'colcon_meta'
[0.286s] Level 1:colcon.colcon_core.package_identification:_identify(src) by extensions ['ros']
[0.286s] Level 1:colcon.colcon_core.package_identification:_identify(src) by extension 'ros'
[0.286s] Level 1:colcon.colcon_core.package_identification:_identify(src) by extensions ['cmake', 'python']
[0.286s] Level 1:colcon.colcon_core.package_identification:_identify(src) by extension 'cmake'
[0.286s] Level 1:colcon.colcon_core.package_identification:_identify(src) by extension 'python'
[0.286s] Level 1:colcon.colcon_core.package_identification:_identify(src) by extensions ['python_setup_py']
[0.286s] Level 1:colcon.colcon_core.package_identification:_identify(src) by extension 'python_setup_py'
[0.286s] Level 1:colcon.colcon_core.package_identification:_identify(src/hel_cage) by extensions ['ignore', 'ignore_ament_install']
[0.286s] Level 1:colcon.colcon_core.package_identification:_identify(src/hel_cage) by extension 'ignore'
[0.286s] Level 1:colcon.colcon_core.package_identification:_identify(src/hel_cage) by extension 'ignore_ament_install'
[0.286s] Level 1:colcon.colcon_core.package_identification:_identify(src/hel_cage) by extensions ['colcon_pkg']
[0.286s] Level 1:colcon.colcon_core.package_identification:_identify(src/hel_cage) by extension 'colcon_pkg'
[0.286s] Level 1:colcon.colcon_core.package_identification:_identify(src/hel_cage) by extensions ['colcon_meta']
[0.286s] Level 1:colcon.colcon_core.package_identification:_identify(src/hel_cage) by extension 'colcon_meta'
[0.286s] Level 1:colcon.colcon_core.package_identification:_identify(src/hel_cage) by extensions ['ros']
[0.286s] Level 1:colcon.colcon_core.package_identification:_identify(src/hel_cage) by extension 'ros'
[0.289s] DEBUG:colcon.colcon_core.package_identification:Package 'src/hel_cage' with type 'ros.ament_python' and name 'hel_cage'
[0.289s] Level 1:colcon.colcon_core.package_identification:_identify(src/helmholtz_interfaces) by extensions ['ignore', 'ignore_ament_install']
[0.289s] Level 1:colcon.colcon_core.package_identification:_identify(src/helmholtz_interfaces) by extension 'ignore'
[0.289s] Level 1:colcon.colcon_core.package_identification:_identify(src/helmholtz_interfaces) by extension 'ignore_ament_install'
[0.289s] Level 1:colcon.colcon_core.package_identification:_identify(src/helmholtz_interfaces) by extensions ['colcon_pkg']
[0.289s] Level 1:colcon.colcon_core.package_identification:_identify(src/helmholtz_interfaces) by extension 'colcon_pkg'
[0.289s] Level 1:colcon.colcon_core.package_identification:_identify(src/helmholtz_interfaces) by extensions ['colcon_meta']
[0.289s] Level 1:colcon.colcon_core.package_identification:_identify(src/helmholtz_interfaces) by extension 'colcon_meta'
[0.289s] Level 1:colcon.colcon_core.package_identification:_identify(src/helmholtz_interfaces) by extensions ['ros']
[0.289s] Level 1:colcon.colcon_core.package_identification:_identify(src/helmholtz_interfaces) by extension 'ros'
[0.289s] DEBUG:colcon.colcon_core.package_identification:Package 'src/helmholtz_interfaces' with type 'ros.ament_cmake' and name 'helmholtz_interfaces'
[0.289s] Level 1:colcon.colcon_core.package_discovery:discover_packages(recursive) using defaults
[0.290s] Level 1:colcon.colcon_core.package_discovery:discover_packages(ignore) discover
[0.290s] Level 1:colcon.colcon_core.package_discovery:discover_packages(ignore) using defaults
[0.290s] Level 1:colcon.colcon_core.package_discovery:discover_packages(path) discover
[0.290s] Level 1:colcon.colcon_core.package_discovery:discover_packages(path) using defaults
[0.318s] Level 1:colcon.colcon_core.package_discovery:discover_packages(prefix_path) check parameters
[0.318s] Level 1:colcon.colcon_core.package_discovery:discover_packages(prefix_path) discover
[0.322s] DEBUG:colcon.colcon_installed_package_information.package_discovery:Found 6 installed packages in /home/neerav/ros2_ws/install
[0.324s] DEBUG:colcon.colcon_installed_package_information.package_discovery:Found 55 installed packages in /home/neerav/ws_moveit/install
[0.325s] DEBUG:colcon.colcon_installed_package_information.package_discovery:Found 321 installed packages in /opt/ros/humble
[0.326s] Level 1:colcon.colcon_core.package_discovery:discover_packages(prefix_path) using defaults
[0.363s] Level 5:colcon.colcon_core.verb:set package 'hel_cage' build argument 'cmake_args' from command line to 'None'
[0.363s] Level 5:colcon.colcon_core.verb:set package 'hel_cage' build argument 'cmake_target' from command line to 'None'
[0.363s] Level 5:colcon.colcon_core.verb:set package 'hel_cage' build argument 'cmake_target_skip_unavailable' from command line to 'False'
[0.363s] Level 5:colcon.colcon_core.verb:set package 'hel_cage' build argument 'cmake_clean_cache' from command line to 'False'
[0.363s] Level 5:colcon.colcon_core.verb:set package 'hel_cage' build argument 'cmake_clean_first' from command line to 'False'
[0.363s] Level 5:colcon.colcon_core.verb:set package 'hel_cage' build argument 'cmake_force_configure' from command line to 'False'
[0.363s] Level 5:colcon.colcon_core.verb:set package 'hel_cage' build argument 'ament_cmake_args' from command line to 'None'
[0.363s] Level 5:colcon.colcon_core.verb:set package 'hel_cage' build argument 'catkin_cmake_args' from command line to 'None'
[0.363s] Level 5:colcon.colcon_core.verb:set package 'hel_cage' build argument 'catkin_skip_building_tests' from command line to 'False'
[0.363s] DEBUG:colcon.colcon_core.verb:Building package 'hel_cage' with the following arguments: {'ament_cmake_args': None, 'build_base': '/home/neerav/helmholtz_minimal_ws/build/hel_cage', 'catkin_cmake_args': None, 'catkin_skip_building_tests': False, 'cmake_args': None, 'cmake_clean_cache': False, 'cmake_clean_first': False, 'cmake_force_configure': False, 'cmake_target': None, 'cmake_target_skip_unavailable': False, 'install_base': '/home/neerav/helmholtz_minimal_ws/install/hel_cage', 'merge_install': False, 'path': '/home/neerav/helmholtz_minimal_ws/src/hel_cage', 'symlink_install': False, 'test_result_base': None}
[0.363s] Level 5:colcon.colcon_core.verb:set package 'helmholtz_interfaces' build argument 'cmake_args' from command line to 'None'
[0.363s] Level 5:colcon.colcon_core.verb:set package 'helmholtz_interfaces' build argument 'cmake_target' from command line to 'None'
[0.363s] Level 5:colcon.colcon_core.verb:set package 'helmholtz_interfaces' build argument 'cmake_target_skip_unavailable' from command line to 'False'
[0.364s] Level 5:colcon.colcon_core.verb:set package 'helmholtz_interfaces' build argument 'cmake_clean_cache' from command line to 'False'
[0.364s] Level 5:colcon.colcon_core.verb:set package 'helmholtz_interfaces' build argument 'cmake_clean_first' from command line to 'False'
[0.364s] Level 5:colcon.colcon_core.verb:set package 'helmholtz_interfaces' build argument 'cmake_force_configure' from command line to 'False'
[0.364s] Level 5:colcon.colcon_core.verb:set package 'helmholtz_interfaces' build argument 'ament_cmake_args' from command line to 'None'
[0.364s] Level 5:colcon.colcon_core.verb:set package 'helmholtz_interfaces' build argument 'catkin_cmake_args' from command line to 'None'
[0.364s] Level 5:colcon.colcon_core.verb:set package 'helmholtz_interfaces' build argument 'catkin_skip_building_tests' from command line to 'False'
[0.364s] DEBUG:colcon.colcon_core.verb:Building package 'helmholtz_interfaces' with the following arguments: {'ament_cmake_args': None, 'build_base': '/home/neerav/helmholtz_minimal_ws/build/helmholtz_interfaces', 'catkin_cmake_args': None, 'catkin_skip_building_tests': False, 'cmake_args': None, 'cmake_clean_cache': False, 'cmake_clean_first': False, 'cmake_force_configure': False, 'cmake_target': None, 'cmake_target_skip_unavailable': False, 'install_base': '/home/neerav/helmholtz_minimal_ws/install/helmholtz_interfaces', 'merge_install': False, 'path': '/home/neerav/helmholtz_minimal_ws/src/helmholtz_interfaces', 'symlink_install': False, 'test_result_base': None}
[0.364s] INFO:colcon.colcon_core.executor:Executing jobs using 'parallel' executor
[0.365s] DEBUG:colcon.colcon_parallel_executor.executor.parallel:run_until_complete
[0.365s] INFO:colcon.colcon_ros.task.ament_python.build:Building ROS package in '/home/neerav/helmholtz_minimal_ws/src/hel_cage' with build type 'ament_python'
[0.365s] Level 1:colcon.colcon_core.shell:create_environment_hook('hel_cage', 'ament_prefix_path')
[0.368s] INFO:colcon.colcon_core.plugin_system:Skipping extension 'colcon_core.shell.bat': Not used on non-Windows systems
[0.368s] INFO:colcon.colcon_core.shell:Creating environment hook '/home/neerav/helmholtz_minimal_ws/install/hel_cage/share/hel_cage/hook/ament_prefix_path.ps1'
[0.368s] INFO:colcon.colcon_core.shell:Creating environment descriptor '/home/neerav/helmholtz_minimal_ws/install/hel_cage/share/hel_cage/hook/ament_prefix_path.dsv'
[0.369s] INFO:colcon.colcon_core.shell:Creating environment hook '/home/neerav/helmholtz_minimal_ws/install/hel_cage/share/hel_cage/hook/ament_prefix_path.sh'
[0.369s] INFO:colcon.colcon_core.shell:Skip shell extension 'powershell' for command environment: Not usable outside of PowerShell
[0.370s] DEBUG:colcon.colcon_core.shell:Skip shell extension 'dsv' for command environment
[0.376s] INFO:colcon.colcon_ros.task.ament_cmake.build:Building ROS package in '/home/neerav/helmholtz_minimal_ws/src/helmholtz_interfaces' with build type 'ament_cmake'
[0.376s] INFO:colcon.colcon_cmake.task.cmake.build:Building CMake package in '/home/neerav/helmholtz_minimal_ws/src/helmholtz_interfaces'
[0.377s] INFO:colcon.colcon_core.shell:Skip shell extension 'powershell' for command environment: Not usable outside of PowerShell
[0.377s] DEBUG:colcon.colcon_core.shell:Skip shell extension 'dsv' for command environment
[0.609s] INFO:colcon.colcon_core.task.python.build:Building Python package in '/home/neerav/helmholtz_minimal_ws/src/hel_cage'
[0.610s] INFO:colcon.colcon_core.shell:Skip shell extension 'powershell' for command environment: Not usable outside of PowerShell
[0.610s] DEBUG:colcon.colcon_core.shell:Skip shell extension 'dsv' for command environment
[0.621s] DEBUG:colcon.colcon_core.event_handler.log_command:Invoking command in '/home/neerav/helmholtz_minimal_ws/build/helmholtz_interfaces': CMAKE_PREFIX_PATH=${CMAKE_PREFIX_PATH}:/home/neerav/ros2_ws/install/ong:/home/neerav/ros2_ws/install/hel_cage:/home/neerav/ros2_ws/install/cube_rotation:/home/neerav/ros2_ws/install/acds_stuff:/home/neerav/ws_moveit/install/moveit_configs_utils:/home/neerav/ws_moveit/install/launch_param_builder:/opt/ros/humble /usr/bin/cmake --build /home/neerav/helmholtz_minimal_ws/build/helmholtz_interfaces -- -j12 -l12
[0.984s] DEBUG:colcon.colcon_core.event_handler.log_command:Invoking command in '/home/neerav/helmholtz_minimal_ws/src/hel_cage': PYTHONPATH=/home/neerav/helmholtz_minimal_ws/build/hel_cage/prefix_override:/usr/lib/python3/dist-packages/colcon_core/task/python/colcon_distutils_commands:/home/neerav/helmholtz_minimal_ws/install/hel_cage/lib/python3.10/site-packages:${PYTHONPATH} /usr/bin/python3 -W ignore:setup.py install is deprecated -W ignore:easy_install command is deprecated setup.py egg_info --egg-base ../../build/hel_cage build --build-base /home/neerav/helmholtz_minimal_ws/build/hel_cage/build install --record /home/neerav/helmholtz_minimal_ws/build/hel_cage/install.log --single-version-externally-managed install_data
[1.057s] DEBUG:colcon.colcon_core.event_handler.log_command:Invoked command in '/home/neerav/helmholtz_minimal_ws/build/helmholtz_interfaces' returned '0': CMAKE_PREFIX_PATH=${CMAKE_PREFIX_PATH}:/home/neerav/ros2_ws/install/ong:/home/neerav/ros2_ws/install/hel_cage:/home/neerav/ros2_ws/install/cube_rotation:/home/neerav/ros2_ws/install/acds_stuff:/home/neerav/ws_moveit/install/moveit_configs_utils:/home/neerav/ws_moveit/install/launch_param_builder:/opt/ros/humble /usr/bin/cmake --build /home/neerav/helmholtz_minimal_ws/build/helmholtz_interfaces -- -j12 -l12
[1.075s] DEBUG:colcon.colcon_core.event_handler.log_command:Invoking command in '/home/neerav/helmholtz_minimal_ws/build/helmholtz_interfaces': CMAKE_PREFIX_PATH=${CMAKE_PREFIX_PATH}:/home/neerav/ros2_ws/install/ong:/home/neerav/ros2_ws/install/hel_cage:/home/neerav/ros2_ws/install/cube_rotation:/home/neerav/ros2_ws/install/acds_stuff:/home/neerav/ws_moveit/install/moveit_configs_utils:/home/neerav/ws_moveit/install/launch_param_builder:/opt/ros/humble /usr/bin/cmake --install /home/neerav/helmholtz_minimal_ws/build/helmholtz_interfaces
[1.137s] Level 1:colcon.colcon_core.environment:create_environment_scripts_only(helmholtz_interfaces)
[1.137s] DEBUG:colcon.colcon_core.event_handler.log_command:Invoked command in '/home/neerav/helmholtz_minimal_ws/build/helmholtz_interfaces' returned '0': CMAKE_PREFIX_PATH=${CMAKE_PREFIX_PATH}:/home/neerav/ros2_ws/install/ong:/home/neerav/ros2_ws/install/hel_cage:/home/neerav/ros2_ws/install/cube_rotation:/home/neerav/ros2_ws/install/acds_stuff:/home/neerav/ws_moveit/install/moveit_configs_utils:/home/neerav/ws_moveit/install/launch_param_builder:/opt/ros/humble /usr/bin/cmake --install /home/neerav/helmholtz_minimal_ws/build/helmholtz_interfaces
[1.141s] Level 1:colcon.colcon_core.environment:checking '/home/neerav/helmholtz_minimal_ws/install/helmholtz_interfaces' for CMake module files
[1.141s] Level 1:colcon.colcon_core.environment:checking '/home/neerav/helmholtz_minimal_ws/install/helmholtz_interfaces' for CMake config files
[1.142s] Level 1:colcon.colcon_core.shell:create_environment_hook('helmholtz_interfaces', 'cmake_prefix_path')
[1.142s] INFO:colcon.colcon_core.shell:Creating environment hook '/home/neerav/helmholtz_minimal_ws/install/helmholtz_interfaces/share/helmholtz_interfaces/hook/cmake_prefix_path.ps1'
[1.143s] INFO:colcon.colcon_core.shell:Creating environment descriptor '/home/neerav/helmholtz_minimal_ws/install/helmholtz_interfaces/share/helmholtz_interfaces/hook/cmake_prefix_path.dsv'
[1.143s] INFO:colcon.colcon_core.shell:Creating environment hook '/home/neerav/helmholtz_minimal_ws/install/helmholtz_interfaces/share/helmholtz_interfaces/hook/cmake_prefix_path.sh'
[1.144s] Level 1:colcon.colcon_core.environment:checking '/home/neerav/helmholtz_minimal_ws/install/helmholtz_interfaces/lib'
[1.144s] Level 1:colcon.colcon_core.shell:create_environment_hook('helmholtz_interfaces', 'ld_library_path_lib')
[1.144s] INFO:colcon.colcon_core.shell:Creating environment hook '/home/neerav/helmholtz_minimal_ws/install/helmholtz_interfaces/share/helmholtz_interfaces/hook/ld_library_path_lib.ps1'
[1.144s] INFO:colcon.colcon_core.shell:Creating environment descriptor '/home/neerav/helmholtz_minimal_ws/install/helmholtz_interfaces/share/helmholtz_interfaces/hook/ld_library_path_lib.dsv'
[1.145s] INFO:colcon.colcon_core.shell:Creating environment hook '/home/neerav/helmholtz_minimal_ws/install/helmholtz_interfaces/share/helmholtz_interfaces/hook/ld_library_path_lib.sh'
[1.145s] Level 1:colcon.colcon_core.environment:checking '/home/neerav/helmholtz_minimal_ws/install/helmholtz_interfaces/bin'
[1.145s] Level 1:colcon.colcon_core.environment:checking '/home/neerav/helmholtz_minimal_ws/install/helmholtz_interfaces/lib/pkgconfig/helmholtz_interfaces.pc'
[1.145s] Level 1:colcon.colcon_core.environment:checking '/home/neerav/helmholtz_minimal_ws/install/helmholtz_interfaces/lib/python3.10/site-packages'
[1.145s] Level 1:colcon.colcon_core.environment:checking '/home/neerav/helmholtz_minimal_ws/install/helmholtz_interfaces/bin'
[1.145s] INFO:colcon.colcon_core.shell:Creating package script '/home/neerav/helmholtz_minimal_ws/install/helmholtz_interfaces/share/helmholtz_interfaces/package.ps1'
[1.146s] INFO:colcon.colcon_core.shell:Creating package descriptor '/home/neerav/helmholtz_minimal_ws/install/helmholtz_interfaces/share/helmholtz_interfaces/package.dsv'
[1.147s] INFO:colcon.colcon_core.shell:Creating package script '/home/neerav/helmholtz_minimal_ws/install/helmholtz_interfaces/share/helmholtz_interfaces/package.sh'
[1.147s] INFO:colcon.colcon_core.shell:Creating package script '/home/neerav/helmholtz_minimal_ws/install/helmholtz_interfaces/share/helmholtz_interfaces/package.bash'
[1.148s] INFO:colcon.colcon_core.shell:Creating package script '/home/neerav/helmholtz_minimal_ws/install/helmholtz_interfaces/share/helmholtz_interfaces/package.zsh'
[1.148s] Level 1:colcon.colcon_core.environment:create_file_with_runtime_dependencies(/home/neerav/helmholtz_minimal_ws/install/helmholtz_interfaces/share/colcon-core/packages/helmholtz_interfaces)
[1.149s] Level 1:colcon.colcon_core.environment:create_environment_scripts_only(helmholtz_interfaces)
[1.149s] Level 1:colcon.colcon_core.environment:checking '/home/neerav/helmholtz_minimal_ws/install/helmholtz_interfaces' for CMake module files
[1.150s] Level 1:colcon.colcon_core.environment:checking '/home/neerav/helmholtz_minimal_ws/install/helmholtz_interfaces' for CMake config files
[1.150s] Level 1:colcon.colcon_core.shell:create_environment_hook('helmholtz_interfaces', 'cmake_prefix_path')
[1.150s] INFO:colcon.colcon_core.shell:Creating environment hook '/home/neerav/helmholtz_minimal_ws/install/helmholtz_interfaces/share/helmholtz_interfaces/hook/cmake_prefix_path.ps1'
[1.150s] INFO:colcon.colcon_core.shell:Creating environment descriptor '/home/neerav/helmholtz_minimal_ws/install/helmholtz_interfaces/share/helmholtz_interfaces/hook/cmake_prefix_path.dsv'
[1.151s] INFO:colcon.colcon_core.shell:Creating environment hook '/home/neerav/helmholtz_minimal_ws/install/helmholtz_interfaces/share/helmholtz_interfaces/hook/cmake_prefix_path.sh'
[1.151s] Level 1:colcon.colcon_core.environment:checking '/home/neerav/helmholtz_minimal_ws/install/helmholtz_interfaces/lib'
[1.151s] Level 1:colcon.colcon_core.shell:create_environment_hook('helmholtz_interfaces', 'ld_library_path_lib')
[1.151s] INFO:colcon.colcon_core.shell:Creating environment hook '/home/neerav/helmholtz_minimal_ws/install/helmholtz_interfaces/share/helmholtz_interfaces/hook/ld_library_path_lib.ps1'
[1.152s] INFO:colcon.colcon_core.shell:Creating environment descriptor '/home/neerav/helmholtz_minimal_ws/install/helmholtz_interfaces/share/helmholtz_interfaces/hook/ld_library_path_lib.dsv'
[1.152s] INFO:colcon.colcon_core.shell:Creating environment hook '/home/neerav/helmholtz_minimal_ws/install/helmholtz_interfaces/share/helmholtz_interfaces/hook/ld_library_path_lib.sh'
[1.152s] Level 1:colcon.colcon_core.environment:checking '/home/neerav/helmholtz_minimal_ws/install/helmholtz_interfaces/bin'
[1.152s] Level 1:colcon.colcon_core.environment:checking '/home/neerav/helmholtz_minimal_ws/install/helmholtz_interfaces/lib/pkgconfig/helmholtz_interfaces.pc'
[1.152s] Level 1:colcon.colcon_core.environment:checking '/home/neerav/helmholtz_minimal_ws/install/helmholtz_interfaces/lib/python3.10/site-packages'
[1.153s] Level 1:colcon.colcon_core.environment:checking '/home/neerav/helmholtz_minimal_ws/install/helmholtz_interfaces/bin'
[1.153s] INFO:colcon.colcon_core.shell:Creating package script '/home/neerav/helmholtz_minimal_ws/install/helmholtz_interfaces/share/helmholtz_interfaces/package.ps1'
[1.153s] INFO:colcon.colcon_core.shell:Creating package descriptor '/home/neerav/helmholtz_minimal_ws/install/helmholtz_interfaces/share/helmholtz_interfaces/package.dsv'
[1.154s] INFO:colcon.colcon_core.shell:Creating package script '/home/neerav/helmholtz_minimal_ws/install/helmholtz_interfaces/share/helmholtz_interfaces/package.sh'
[1.154s] INFO:colcon.colcon_core.shell:Creating package script '/home/neerav/helmholtz_minimal_ws/install/helmholtz_interfaces/share/helmholtz_interfaces/package.bash'
[1.154s] INFO:colcon.colcon_core.shell:Creating package script '/home/neerav/helmholtz_minimal_ws/install/helmholtz_interfaces/share/helmholtz_interfaces/package.zsh'
[1.155s] Level 1:colcon.colcon_core.environment:create_file_with_runtime_dependencies(/home/neerav/helmholtz_minimal_ws/install/helmholtz_interfaces/share/colcon-core/packages/helmholtz_interfaces)
[1.273s] Level 1:colcon.colcon_core.environment:checking '/home/neerav/helmholtz_minimal_ws/install/hel_cage' for CMake module files
[1.274s] DEBUG:colcon.colcon_core.event_handler.log_command:Invoked command in '/home/neerav/helmholtz_minimal_ws/src/hel_cage' returned '0': PYTHONPATH=/home/neerav/helmholtz_minimal_ws/build/hel_cage/prefix_override:/usr/lib/python3/dist-packages/colcon_core/task/python/colcon_distutils_commands:/home/neerav/helmholtz_minimal_ws/install/hel_cage/lib/python3.10/site-packages:${PYTHONPATH} /usr/bin/python3 -W ignore:setup.py install is deprecated -W ignore:easy_install command is deprecated setup.py egg_info --egg-base ../../build/hel_cage build --build-base /home/neerav/helmholtz_minimal_ws/build/hel_cage/build install --record /home/neerav/helmholtz_minimal_ws/build/hel_cage/install.log --single-version-externally-managed install_data
[1.274s] Level 1:colcon.colcon_core.environment:checking '/home/neerav/helmholtz_minimal_ws/install/hel_cage' for CMake config files
[1.274s] Level 1:colcon.colcon_core.environment:checking '/home/neerav/helmholtz_minimal_ws/install/hel_cage/lib'
[1.274s] Level 1:colcon.colcon_core.environment:checking '/home/neerav/helmholtz_minimal_ws/install/hel_cage/bin'
[1.275s] Level 1:colcon.colcon_core.environment:checking '/home/neerav/helmholtz_minimal_ws/install/hel_cage/lib/pkgconfig/hel_cage.pc'
[1.275s] Level 1:colcon.colcon_core.environment:checking '/home/neerav/helmholtz_minimal_ws/install/hel_cage/lib/python3.10/site-packages'
[1.275s] Level 1:colcon.colcon_core.shell:create_environment_hook('hel_cage', 'pythonpath')
[1.275s] INFO:colcon.colcon_core.shell:Creating environment hook '/home/neerav/helmholtz_minimal_ws/install/hel_cage/share/hel_cage/hook/pythonpath.ps1'
[1.276s] INFO:colcon.colcon_core.shell:Creating environment descriptor '/home/neerav/helmholtz_minimal_ws/install/hel_cage/share/hel_cage/hook/pythonpath.dsv'
[1.276s] INFO:colcon.colcon_core.shell:Creating environment hook '/home/neerav/helmholtz_minimal_ws/install/hel_cage/share/hel_cage/hook/pythonpath.sh'
[1.276s] Level 1:colcon.colcon_core.environment:checking '/home/neerav/helmholtz_minimal_ws/install/hel_cage/bin'
[1.276s] Level 1:colcon.colcon_core.environment:create_environment_scripts_only(hel_cage)
[1.277s] INFO:colcon.colcon_core.shell:Creating package script '/home/neerav/helmholtz_minimal_ws/install/hel_cage/share/hel_cage/package.ps1'
[1.277s] INFO:colcon.colcon_core.shell:Creating package descriptor '/home/neerav/helmholtz_minimal_ws/install/hel_cage/share/hel_cage/package.dsv'
[1.277s] INFO:colcon.colcon_core.shell:Creating package script '/home/neerav/helmholtz_minimal_ws/install/hel_cage/share/hel_cage/package.sh'
[1.278s] INFO:colcon.colcon_core.shell:Creating package script '/home/neerav/helmholtz_minimal_ws/install/hel_cage/share/hel_cage/package.bash'
[1.278s] INFO:colcon.colcon_core.shell:Creating package script '/home/neerav/helmholtz_minimal_ws/install/hel_cage/share/hel_cage/package.zsh'
[1.278s] Level 1:colcon.colcon_core.environment:create_file_with_runtime_dependencies(/home/neerav/helmholtz_minimal_ws/install/hel_cage/share/colcon-core/packages/hel_cage)
[1.279s] DEBUG:colcon.colcon_parallel_executor.executor.parallel:closing loop
[1.279s] DEBUG:colcon.colcon_parallel_executor.executor.parallel:loop closed
[1.279s] DEBUG:colcon.colcon_parallel_executor.executor.parallel:run_until_complete finished with '0'
[1.279s] DEBUG:colcon.colcon_core.event_reactor:joining thread
[1.287s] INFO:colcon.colcon_core.plugin_system:Skipping extension 'colcon_notification.desktop_notification.terminal_notifier': Not used on non-Darwin systems
[1.287s] INFO:colcon.colcon_core.plugin_system:Skipping extension 'colcon_notification.desktop_notification.win32': Not used on non-Windows systems
[1.287s] INFO:colcon.colcon_notification.desktop_notification:Sending desktop notification using 'notify2'
[1.299s] DEBUG:colcon.colcon_core.event_reactor:joined thread
[1.300s] INFO:colcon.colcon_core.shell:Creating prefix script '/home/neerav/helmholtz_minimal_ws/install/local_setup.ps1'
[1.301s] INFO:colcon.colcon_core.shell:Creating prefix util module '/home/neerav/helmholtz_minimal_ws/install/_local_setup_util_ps1.py'
[1.302s] INFO:colcon.colcon_core.shell:Creating prefix chain script '/home/neerav/helmholtz_minimal_ws/install/setup.ps1'
[1.306s] INFO:colcon.colcon_core.shell:Creating prefix script '/home/neerav/helmholtz_minimal_ws/install/local_setup.sh'
[1.307s] INFO:colcon.colcon_core.shell:Creating prefix util module '/home/neerav/helmholtz_minimal_ws/install/_local_setup_util_sh.py'
[1.308s] INFO:colcon.colcon_core.shell:Creating prefix chain script '/home/neerav/helmholtz_minimal_ws/install/setup.sh'
[1.311s] INFO:colcon.colcon_core.shell:Creating prefix script '/home/neerav/helmholtz_minimal_ws/install/local_setup.bash'
[1.312s] INFO:colcon.colcon_core.shell:Creating prefix chain script '/home/neerav/helmholtz_minimal_ws/install/setup.bash'
[1.315s] INFO:colcon.colcon_core.shell:Creating prefix script '/home/neerav/helmholtz_minimal_ws/install/local_setup.zsh'
[1.315s] INFO:colcon.colcon_core.shell:Creating prefix chain script '/home/neerav/helmholtz_minimal_ws/install/setup.zsh'
